{"/Users/anup-admin/giftsearch/giftmatch/api/admin-runs.ts": {"path":"/Users/anup-admin/giftsearch/giftmatch/api/admin-runs.ts","statementMap":{"0":{"start":{"line":28,"column":2},"end":{"line":28,"column":null}},"1":{"start":{"line":32,"column":21},"end":{"line":32,"column":39}},"2":{"start":{"line":33,"column":22},"end":{"line":33,"column":94}},"3":{"start":{"line":33,"column":61},"end":{"line":33,"column":94}},"4":{"start":{"line":34,"column":16},"end":{"line":34,"column":null}},"5":{"start":{"line":35,"column":2},"end":{"line":35,"column":null}},"6":{"start":{"line":39,"column":24},"end":{"line":39,"column":55}},"7":{"start":{"line":40,"column":16},"end":{"line":40,"column":56}},"8":{"start":{"line":41,"column":2},"end":{"line":41,"column":null}},"9":{"start":{"line":45,"column":22},"end":{"line":45,"column":75}},"10":{"start":{"line":47,"column":2},"end":{"line":48,"column":null}},"11":{"start":{"line":48,"column":4},"end":{"line":48,"column":null}},"12":{"start":{"line":51,"column":2},"end":{"line":51,"column":null}},"13":{"start":{"line":55,"column":26},"end":{"line":55,"column":89}},"14":{"start":{"line":57,"column":2},"end":{"line":58,"column":null}},"15":{"start":{"line":58,"column":4},"end":{"line":58,"column":null}},"16":{"start":{"line":61,"column":2},"end":{"line":66,"column":null}},"17":{"start":{"line":70,"column":25},"end":{"line":70,"column":60}},"18":{"start":{"line":72,"column":2},"end":{"line":73,"column":null}},"19":{"start":{"line":73,"column":4},"end":{"line":73,"column":null}},"20":{"start":{"line":76,"column":2},"end":{"line":81,"column":null}},"21":{"start":{"line":85,"column":2},"end":{"line":88,"column":null}},"22":{"start":{"line":86,"column":4},"end":{"line":86,"column":null}},"23":{"start":{"line":87,"column":4},"end":{"line":87,"column":null}},"24":{"start":{"line":88,"column":4},"end":{"line":88,"column":null}},"25":{"start":{"line":91,"column":2},"end":{"line":196,"column":null}},"26":{"start":{"line":92,"column":24},"end":{"line":92,"column":43}},"27":{"start":{"line":94,"column":4},"end":{"line":96,"column":null}},"28":{"start":{"line":95,"column":6},"end":{"line":95,"column":null}},"29":{"start":{"line":96,"column":6},"end":{"line":96,"column":null}},"30":{"start":{"line":102,"column":8},"end":{"line":102,"column":63}},"31":{"start":{"line":104,"column":4},"end":{"line":106,"column":null}},"32":{"start":{"line":105,"column":6},"end":{"line":105,"column":null}},"33":{"start":{"line":106,"column":6},"end":{"line":106,"column":null}},"34":{"start":{"line":109,"column":26},"end":{"line":109,"column":50}},"35":{"start":{"line":110,"column":51},"end":{"line":114,"column":15}},"36":{"start":{"line":116,"column":4},"end":{"line":117,"column":null}},"37":{"start":{"line":117,"column":6},"end":{"line":117,"column":null}},"38":{"start":{"line":120,"column":4},"end":{"line":122,"column":null}},"39":{"start":{"line":121,"column":6},"end":{"line":121,"column":null}},"40":{"start":{"line":122,"column":6},"end":{"line":122,"column":null}},"41":{"start":{"line":125,"column":49},"end":{"line":128,"column":48}},"42":{"start":{"line":130,"column":4},"end":{"line":131,"column":null}},"43":{"start":{"line":131,"column":6},"end":{"line":131,"column":null}},"44":{"start":{"line":134,"column":20},"end":{"line":135,"column":null}},"45":{"start":{"line":135,"column":48},"end":{"line":135,"column":64}},"46":{"start":{"line":137,"column":10},"end":{"line":137,"column":68}},"47":{"start":{"line":137,"column":57},"end":{"line":137,"column":68}},"48":{"start":{"line":139,"column":22},"end":{"line":151,"column":null}},"49":{"start":{"line":144,"column":12},"end":{"line":144,"column":62}},"50":{"start":{"line":146,"column":8},"end":{"line":147,"column":null}},"51":{"start":{"line":147,"column":10},"end":{"line":147,"column":null}},"52":{"start":{"line":150,"column":8},"end":{"line":150,"column":null}},"53":{"start":{"line":155,"column":6},"end":{"line":160,"column":null}},"54":{"start":{"line":162,"column":4},"end":{"line":163,"column":null}},"55":{"start":{"line":163,"column":6},"end":{"line":163,"column":null}},"56":{"start":{"line":166,"column":29},"end":{"line":166,"column":67}},"57":{"start":{"line":167,"column":39},"end":{"line":167,"column":80}},"58":{"start":{"line":169,"column":4},"end":{"line":172,"column":null}},"59":{"start":{"line":170,"column":26},"end":{"line":170,"column":93}},"60":{"start":{"line":171,"column":6},"end":{"line":171,"column":null}},"61":{"start":{"line":172,"column":6},"end":{"line":172,"column":null}},"62":{"start":{"line":175,"column":10},"end":{"line":188,"column":null}},"63":{"start":{"line":176,"column":22},"end":{"line":176,"column":null}},"64":{"start":{"line":177,"column":33},"end":{"line":177,"column":81}},"65":{"start":{"line":178,"column":38},"end":{"line":178,"column":null}},"66":{"start":{"line":180,"column":6},"end":{"line":187,"column":null}},"67":{"start":{"line":190,"column":4},"end":{"line":193,"column":null}},"68":{"start":{"line":195,"column":4},"end":{"line":195,"column":null}},"69":{"start":{"line":196,"column":4},"end":{"line":196,"column":null}}},"fnMap":{"0":{"name":"getEnv","decl":{"start":{"line":27,"column":9},"end":{"line":27,"column":16}},"loc":{"start":{"line":27,"column":50},"end":{"line":28,"column":null}},"line":27},"1":{"name":"getHeader","decl":{"start":{"line":31,"column":9},"end":{"line":31,"column":19}},"loc":{"start":{"line":31,"column":73},"end":{"line":35,"column":null}},"line":31},"2":{"name":"(anonymous_2)","decl":{"start":{"line":33,"column":47},"end":{"line":33,"column":53}},"loc":{"start":{"line":33,"column":61},"end":{"line":33,"column":94}},"line":33},"3":{"name":"getBearerToken","decl":{"start":{"line":38,"column":9},"end":{"line":38,"column":24}},"loc":{"start":{"line":38,"column":64},"end":{"line":41,"column":null}},"line":38},"4":{"name":"getSupabaseUrl","decl":{"start":{"line":44,"column":9},"end":{"line":44,"column":26}},"loc":{"start":{"line":44,"column":26},"end":{"line":51,"column":null}},"line":44},"5":{"name":"getSupabaseAuthClient","decl":{"start":{"line":54,"column":9},"end":{"line":54,"column":33}},"loc":{"start":{"line":54,"column":33},"end":{"line":66,"column":null}},"line":54},"6":{"name":"getSupabaseAdminClient","decl":{"start":{"line":69,"column":9},"end":{"line":69,"column":34}},"loc":{"start":{"line":69,"column":34},"end":{"line":81,"column":null}},"line":69},"7":{"name":"handler","decl":{"start":{"line":84,"column":30},"end":{"line":84,"column":38}},"loc":{"start":{"line":84,"column":79},"end":{"line":196,"column":null}},"line":84},"8":{"name":"(anonymous_8)","decl":{"start":{"line":135,"column":31},"end":{"line":135,"column":36}},"loc":{"start":{"line":135,"column":48},"end":{"line":135,"column":64}},"line":135},"9":{"name":"(anonymous_9)","decl":{"start":{"line":137,"column":40},"end":{"line":137,"column":45}},"loc":{"start":{"line":137,"column":57},"end":{"line":137,"column":68}},"line":137},"10":{"name":"(anonymous_10)","decl":{"start":{"line":140,"column":18},"end":{"line":140,"column":25}},"loc":{"start":{"line":140,"column":36},"end":{"line":151,"column":null}},"line":140},"11":{"name":"(anonymous_11)","decl":{"start":{"line":175,"column":40},"end":{"line":175,"column":45}},"loc":{"start":{"line":175,"column":57},"end":{"line":188,"column":null}},"line":175}},"branchMap":{"0":{"loc":{"start":{"line":28,"column":9},"end":{"line":28,"column":null}},"type":"binary-expr","locations":[{"start":{"line":28,"column":9},"end":{"line":28,"column":30}},{"start":{"line":28,"column":30},"end":{"line":28,"column":null}}],"line":28},"1":{"loc":{"start":{"line":34,"column":16},"end":{"line":34,"column":null}},"type":"cond-expr","locations":[{"start":{"line":34,"column":30},"end":{"line":34,"column":57}},{"start":{"line":34,"column":57},"end":{"line":34,"column":null}}],"line":34},"2":{"loc":{"start":{"line":35,"column":9},"end":{"line":35,"column":null}},"type":"cond-expr","locations":[{"start":{"line":35,"column":32},"end":{"line":35,"column":43}},{"start":{"line":35,"column":43},"end":{"line":35,"column":null}}],"line":35},"3":{"loc":{"start":{"line":45,"column":22},"end":{"line":45,"column":75}},"type":"binary-expr","locations":[{"start":{"line":45,"column":22},"end":{"line":45,"column":44}},{"start":{"line":45,"column":48},"end":{"line":45,"column":75}}],"line":45},"4":{"loc":{"start":{"line":47,"column":2},"end":{"line":48,"column":null}},"type":"if","locations":[{"start":{"line":47,"column":2},"end":{"line":48,"column":null}},{"start":{},"end":{}}],"line":47},"5":{"loc":{"start":{"line":55,"column":26},"end":{"line":55,"column":89}},"type":"binary-expr","locations":[{"start":{"line":55,"column":26},"end":{"line":55,"column":53}},{"start":{"line":55,"column":57},"end":{"line":55,"column":89}}],"line":55},"6":{"loc":{"start":{"line":57,"column":2},"end":{"line":58,"column":null}},"type":"if","locations":[{"start":{"line":57,"column":2},"end":{"line":58,"column":null}},{"start":{},"end":{}}],"line":57},"7":{"loc":{"start":{"line":72,"column":2},"end":{"line":73,"column":null}},"type":"if","locations":[{"start":{"line":72,"column":2},"end":{"line":73,"column":null}},{"start":{},"end":{}}],"line":72},"8":{"loc":{"start":{"line":85,"column":2},"end":{"line":88,"column":null}},"type":"if","locations":[{"start":{"line":85,"column":2},"end":{"line":88,"column":null}},{"start":{},"end":{}}],"line":85},"9":{"loc":{"start":{"line":94,"column":4},"end":{"line":96,"column":null}},"type":"if","locations":[{"start":{"line":94,"column":4},"end":{"line":96,"column":null}},{"start":{},"end":{}}],"line":94},"10":{"loc":{"start":{"line":104,"column":4},"end":{"line":106,"column":null}},"type":"if","locations":[{"start":{"line":104,"column":4},"end":{"line":106,"column":null}},{"start":{},"end":{}}],"line":104},"11":{"loc":{"start":{"line":104,"column":8},"end":{"line":104,"column":28}},"type":"binary-expr","locations":[{"start":{"line":104,"column":8},"end":{"line":104,"column":21}},{"start":{"line":104,"column":21},"end":{"line":104,"column":28}}],"line":104},"12":{"loc":{"start":{"line":116,"column":4},"end":{"line":117,"column":null}},"type":"if","locations":[{"start":{"line":116,"column":4},"end":{"line":117,"column":null}},{"start":{},"end":{}}],"line":116},"13":{"loc":{"start":{"line":120,"column":4},"end":{"line":122,"column":null}},"type":"if","locations":[{"start":{"line":120,"column":4},"end":{"line":122,"column":null}},{"start":{},"end":{}}],"line":120},"14":{"loc":{"start":{"line":130,"column":4},"end":{"line":131,"column":null}},"type":"if","locations":[{"start":{"line":130,"column":4},"end":{"line":131,"column":null}},{"start":{},"end":{}}],"line":130},"15":{"loc":{"start":{"line":135,"column":15},"end":{"line":135,"column":29}},"type":"binary-expr","locations":[{"start":{"line":135,"column":15},"end":{"line":135,"column":27}},{"start":{"line":135,"column":27},"end":{"line":135,"column":29}}],"line":135},"16":{"loc":{"start":{"line":137,"column":24},"end":{"line":137,"column":38}},"type":"binary-expr","locations":[{"start":{"line":137,"column":24},"end":{"line":137,"column":36}},{"start":{"line":137,"column":36},"end":{"line":137,"column":38}}],"line":137},"17":{"loc":{"start":{"line":146,"column":8},"end":{"line":147,"column":null}},"type":"if","locations":[{"start":{"line":146,"column":8},"end":{"line":147,"column":null}},{"start":{},"end":{}}],"line":146},"18":{"loc":{"start":{"line":146,"column":12},"end":{"line":146,"column":40}},"type":"binary-expr","locations":[{"start":{"line":146,"column":12},"end":{"line":146,"column":29}},{"start":{"line":146,"column":29},"end":{"line":146,"column":40}}],"line":146},"19":{"loc":{"start":{"line":150,"column":33},"end":{"line":150,"column":57}},"type":"binary-expr","locations":[{"start":{"line":150,"column":33},"end":{"line":150,"column":51}},{"start":{"line":150,"column":51},"end":{"line":150,"column":57}}],"line":150},"20":{"loc":{"start":{"line":155,"column":6},"end":{"line":160,"column":null}},"type":"cond-expr","locations":[{"start":{"line":156,"column":10},"end":{"line":159,"column":42}},{"start":{"line":160,"column":10},"end":{"line":160,"column":null}}],"line":155},"21":{"loc":{"start":{"line":162,"column":4},"end":{"line":163,"column":null}},"type":"if","locations":[{"start":{"line":162,"column":4},"end":{"line":163,"column":null}},{"start":{},"end":{}}],"line":162},"22":{"loc":{"start":{"line":169,"column":37},"end":{"line":169,"column":61}},"type":"binary-expr","locations":[{"start":{"line":169,"column":37},"end":{"line":169,"column":59}},{"start":{"line":169,"column":59},"end":{"line":169,"column":61}}],"line":169},"23":{"loc":{"start":{"line":170,"column":26},"end":{"line":170,"column":93}},"type":"binary-expr","locations":[{"start":{"line":170,"column":26},"end":{"line":170,"column":87}},{"start":{"line":170,"column":91},"end":{"line":170,"column":93}}],"line":170},"24":{"loc":{"start":{"line":175,"column":24},"end":{"line":175,"column":38}},"type":"binary-expr","locations":[{"start":{"line":175,"column":24},"end":{"line":175,"column":36}},{"start":{"line":175,"column":36},"end":{"line":175,"column":38}}],"line":175},"25":{"loc":{"start":{"line":176,"column":22},"end":{"line":176,"column":null}},"type":"binary-expr","locations":[{"start":{"line":176,"column":22},"end":{"line":176,"column":59}},{"start":{"line":176,"column":63},"end":{"line":176,"column":null}}],"line":176},"26":{"loc":{"start":{"line":177,"column":33},"end":{"line":177,"column":81}},"type":"binary-expr","locations":[{"start":{"line":177,"column":33},"end":{"line":177,"column":75}},{"start":{"line":177,"column":79},"end":{"line":177,"column":81}}],"line":177},"27":{"loc":{"start":{"line":178,"column":38},"end":{"line":178,"column":null}},"type":"binary-expr","locations":[{"start":{"line":178,"column":38},"end":{"line":178,"column":63}},{"start":{"line":178,"column":63},"end":{"line":178,"column":null}}],"line":178},"28":{"loc":{"start":{"line":182,"column":15},"end":{"line":182,"column":null}},"type":"binary-expr","locations":[{"start":{"line":182,"column":15},"end":{"line":182,"column":33}},{"start":{"line":182,"column":33},"end":{"line":182,"column":null}}],"line":182},"29":{"loc":{"start":{"line":183,"column":15},"end":{"line":183,"column":null}},"type":"binary-expr","locations":[{"start":{"line":183,"column":15},"end":{"line":183,"column":49}},{"start":{"line":183,"column":49},"end":{"line":183,"column":null}}],"line":183},"30":{"loc":{"start":{"line":184,"column":17},"end":{"line":184,"column":null}},"type":"binary-expr","locations":[{"start":{"line":184,"column":17},"end":{"line":184,"column":53}},{"start":{"line":184,"column":53},"end":{"line":184,"column":null}}],"line":184}},"s":{"0":12,"1":4,"2":4,"3":3,"4":4,"5":4,"6":4,"7":4,"8":4,"9":6,"10":6,"11":0,"12":6,"13":3,"14":3,"15":0,"16":3,"17":3,"18":3,"19":0,"20":3,"21":4,"22":0,"23":0,"24":0,"25":4,"26":4,"27":4,"28":1,"29":1,"30":3,"31":3,"32":0,"33":0,"34":3,"35":3,"36":3,"37":0,"38":3,"39":1,"40":1,"41":2,"42":2,"43":0,"44":2,"45":2,"46":4,"47":2,"48":4,"49":2,"50":2,"51":0,"52":2,"53":2,"54":4,"55":0,"56":2,"57":2,"58":2,"59":2,"60":2,"61":2,"62":2,"63":2,"64":2,"65":2,"66":2,"67":4,"68":0,"69":0},"f":{"0":12,"1":4,"2":3,"3":4,"4":6,"5":3,"6":3,"7":4,"8":2,"9":2,"10":2,"11":2},"b":{"0":[12,0],"1":[3,1],"2":[0,4],"3":[6,0],"4":[0,6],"5":[3,0],"6":[0,3],"7":[0,3],"8":[0,4],"9":[1,3],"10":[0,3],"11":[3,3],"12":[0,3],"13":[1,2],"14":[0,2],"15":[2,0],"16":[4,0],"17":[0,2],"18":[2,2],"19":[2,0],"20":[2,0],"21":[0,4],"22":[2,0],"23":[2,2],"24":[2,0],"25":[2,0],"26":[2,0],"27":[2,0],"28":[2,0],"29":[2,0],"30":[2,0]},"meta":{"lastBranch":31,"lastFunction":12,"lastStatement":70,"seen":{"f:27:9:27:16":0,"s:28:2:28:Infinity":0,"b:28:9:28:30:28:30:28:Infinity":0,"f:31:9:31:19":1,"s:32:21:32:39":1,"s:33:22:33:94":2,"f:33:47:33:53":2,"s:33:61:33:94":3,"s:34:16:34:Infinity":4,"b:34:30:34:57:34:57:34:Infinity":1,"s:35:2:35:Infinity":5,"b:35:32:35:43:35:43:35:Infinity":2,"f:38:9:38:24":3,"s:39:24:39:55":6,"s:40:16:40:56":7,"s:41:2:41:Infinity":8,"f:44:9:44:26":4,"s:45:22:45:75":9,"b:45:22:45:44:45:48:45:75":3,"b:47:2:48:Infinity:undefined:undefined:undefined:undefined":4,"s:47:2:48:Infinity":10,"s:48:4:48:Infinity":11,"s:51:2:51:Infinity":12,"f:54:9:54:33":5,"s:55:26:55:89":13,"b:55:26:55:53:55:57:55:89":5,"b:57:2:58:Infinity:undefined:undefined:undefined:undefined":6,"s:57:2:58:Infinity":14,"s:58:4:58:Infinity":15,"s:61:2:66:Infinity":16,"f:69:9:69:34":6,"s:70:25:70:60":17,"b:72:2:73:Infinity:undefined:undefined:undefined:undefined":7,"s:72:2:73:Infinity":18,"s:73:4:73:Infinity":19,"s:76:2:81:Infinity":20,"f:84:30:84:38":7,"b:85:2:88:Infinity:undefined:undefined:undefined:undefined":8,"s:85:2:88:Infinity":21,"s:86:4:86:Infinity":22,"s:87:4:87:Infinity":23,"s:88:4:88:Infinity":24,"s:91:2:196:Infinity":25,"s:92:24:92:43":26,"b:94:4:96:Infinity:undefined:undefined:undefined:undefined":9,"s:94:4:96:Infinity":27,"s:95:6:95:Infinity":28,"s:96:6:96:Infinity":29,"s:102:8:102:63":30,"b:104:4:106:Infinity:undefined:undefined:undefined:undefined":10,"s:104:4:106:Infinity":31,"b:104:8:104:21:104:21:104:28":11,"s:105:6:105:Infinity":32,"s:106:6:106:Infinity":33,"s:109:26:109:50":34,"s:110:51:114:15":35,"b:116:4:117:Infinity:undefined:undefined:undefined:undefined":12,"s:116:4:117:Infinity":36,"s:117:6:117:Infinity":37,"b:120:4:122:Infinity:undefined:undefined:undefined:undefined":13,"s:120:4:122:Infinity":38,"s:121:6:121:Infinity":39,"s:122:6:122:Infinity":40,"s:125:49:128:48":41,"b:130:4:131:Infinity:undefined:undefined:undefined:undefined":14,"s:130:4:131:Infinity":42,"s:131:6:131:Infinity":43,"s:134:20:135:Infinity":44,"b:135:15:135:27:135:27:135:29":15,"f:135:31:135:36":8,"s:135:48:135:64":45,"s:137:10:137:68":46,"b:137:24:137:36:137:36:137:38":16,"f:137:40:137:45":9,"s:137:57:137:68":47,"s:139:22:151:Infinity":48,"f:140:18:140:25":10,"s:144:12:144:62":49,"b:146:8:147:Infinity:undefined:undefined:undefined:undefined":17,"s:146:8:147:Infinity":50,"b:146:12:146:29:146:29:146:40":18,"s:147:10:147:Infinity":51,"s:150:8:150:Infinity":52,"b:150:33:150:51:150:51:150:57":19,"s:155:6:160:Infinity":53,"b:156:10:159:42:160:10:160:Infinity":20,"b:162:4:163:Infinity:undefined:undefined:undefined:undefined":21,"s:162:4:163:Infinity":54,"s:163:6:163:Infinity":55,"s:166:29:166:67":56,"s:167:39:167:80":57,"s:169:4:172:Infinity":58,"b:169:37:169:59:169:59:169:61":22,"s:170:26:170:93":59,"b:170:26:170:87:170:91:170:93":23,"s:171:6:171:Infinity":60,"s:172:6:172:Infinity":61,"s:175:10:188:Infinity":62,"b:175:24:175:36:175:36:175:38":24,"f:175:40:175:45":11,"s:176:22:176:Infinity":63,"b:176:22:176:59:176:63:176:Infinity":25,"s:177:33:177:81":64,"b:177:33:177:75:177:79:177:81":26,"s:178:38:178:Infinity":65,"b:178:38:178:63:178:63:178:Infinity":27,"s:180:6:187:Infinity":66,"b:182:15:182:33:182:33:182:Infinity":28,"b:183:15:183:49:183:49:183:Infinity":29,"b:184:17:184:53:184:53:184:Infinity":30,"s:190:4:193:Infinity":67,"s:195:4:195:Infinity":68,"s:196:4:196:Infinity":69}}}
,"/Users/anup-admin/giftsearch/giftmatch/api/find-gifts.ts": {"path":"/Users/anup-admin/giftsearch/giftmatch/api/find-gifts.ts","statementMap":{"0":{"start":{"line":19,"column":21},"end":{"line":19,"column":39}},"1":{"start":{"line":20,"column":22},"end":{"line":20,"column":94}},"2":{"start":{"line":20,"column":61},"end":{"line":20,"column":94}},"3":{"start":{"line":21,"column":16},"end":{"line":21,"column":null}},"4":{"start":{"line":22,"column":2},"end":{"line":22,"column":null}},"5":{"start":{"line":26,"column":24},"end":{"line":26,"column":55}},"6":{"start":{"line":27,"column":16},"end":{"line":27,"column":56}},"7":{"start":{"line":28,"column":2},"end":{"line":28,"column":null}},"8":{"start":{"line":32,"column":2},"end":{"line":33,"column":null}},"9":{"start":{"line":33,"column":4},"end":{"line":33,"column":null}},"10":{"start":{"line":36,"column":20},"end":{"line":36,"column":null}},"11":{"start":{"line":38,"column":2},"end":{"line":45,"column":null}},"12":{"start":{"line":50,"column":22},"end":{"line":50,"column":null}},"13":{"start":{"line":51,"column":26},"end":{"line":51,"column":null}},"14":{"start":{"line":53,"column":2},"end":{"line":54,"column":null}},"15":{"start":{"line":54,"column":4},"end":{"line":54,"column":null}},"16":{"start":{"line":57,"column":2},"end":{"line":62,"column":null}},"17":{"start":{"line":66,"column":2},"end":{"line":69,"column":null}},"18":{"start":{"line":67,"column":4},"end":{"line":67,"column":null}},"19":{"start":{"line":68,"column":4},"end":{"line":68,"column":null}},"20":{"start":{"line":69,"column":4},"end":{"line":69,"column":null}},"21":{"start":{"line":72,"column":2},"end":{"line":110,"column":null}},"22":{"start":{"line":73,"column":24},"end":{"line":73,"column":null}},"23":{"start":{"line":74,"column":20},"end":{"line":74,"column":null}},"24":{"start":{"line":76,"column":4},"end":{"line":78,"column":null}},"25":{"start":{"line":77,"column":6},"end":{"line":77,"column":null}},"26":{"start":{"line":78,"column":6},"end":{"line":78,"column":null}},"27":{"start":{"line":81,"column":24},"end":{"line":81,"column":43}},"28":{"start":{"line":83,"column":4},"end":{"line":85,"column":null}},"29":{"start":{"line":84,"column":6},"end":{"line":84,"column":null}},"30":{"start":{"line":85,"column":6},"end":{"line":85,"column":null}},"31":{"start":{"line":93,"column":8},"end":{"line":93,"column":63}},"32":{"start":{"line":95,"column":4},"end":{"line":97,"column":null}},"33":{"start":{"line":96,"column":6},"end":{"line":96,"column":null}},"34":{"start":{"line":97,"column":6},"end":{"line":97,"column":null}},"35":{"start":{"line":100,"column":4},"end":{"line":100,"column":null}},"36":{"start":{"line":102,"column":19},"end":{"line":102,"column":55}},"37":{"start":{"line":104,"column":4},"end":{"line":107,"column":null}},"38":{"start":{"line":109,"column":4},"end":{"line":109,"column":null}},"39":{"start":{"line":110,"column":4},"end":{"line":110,"column":null}}},"fnMap":{"0":{"name":"getHeader","decl":{"start":{"line":18,"column":9},"end":{"line":18,"column":19}},"loc":{"start":{"line":18,"column":73},"end":{"line":22,"column":null}},"line":18},"1":{"name":"(anonymous_1)","decl":{"start":{"line":20,"column":47},"end":{"line":20,"column":53}},"loc":{"start":{"line":20,"column":61},"end":{"line":20,"column":94}},"line":20},"2":{"name":"getBearerToken","decl":{"start":{"line":25,"column":9},"end":{"line":25,"column":24}},"loc":{"start":{"line":25,"column":64},"end":{"line":28,"column":null}},"line":25},"3":{"name":"isValidAnswers","decl":{"start":{"line":31,"column":9},"end":{"line":31,"column":24}},"loc":{"start":{"line":31,"column":62},"end":{"line":45,"column":null}},"line":31},"4":{"name":"getSupabaseAuthClient","decl":{"start":{"line":49,"column":9},"end":{"line":49,"column":33}},"loc":{"start":{"line":49,"column":33},"end":{"line":62,"column":null}},"line":49},"5":{"name":"handler","decl":{"start":{"line":65,"column":30},"end":{"line":65,"column":38}},"loc":{"start":{"line":65,"column":79},"end":{"line":110,"column":null}},"line":65}},"branchMap":{"0":{"loc":{"start":{"line":21,"column":16},"end":{"line":21,"column":null}},"type":"cond-expr","locations":[{"start":{"line":21,"column":30},"end":{"line":21,"column":57}},{"start":{"line":21,"column":57},"end":{"line":21,"column":null}}],"line":21},"1":{"loc":{"start":{"line":22,"column":9},"end":{"line":22,"column":null}},"type":"cond-expr","locations":[{"start":{"line":22,"column":32},"end":{"line":22,"column":43}},{"start":{"line":22,"column":43},"end":{"line":22,"column":null}}],"line":22},"2":{"loc":{"start":{"line":32,"column":2},"end":{"line":33,"column":null}},"type":"if","locations":[{"start":{"line":32,"column":2},"end":{"line":33,"column":null}},{"start":{},"end":{}}],"line":32},"3":{"loc":{"start":{"line":32,"column":6},"end":{"line":32,"column":43}},"type":"binary-expr","locations":[{"start":{"line":32,"column":6},"end":{"line":32,"column":16}},{"start":{"line":32,"column":16},"end":{"line":32,"column":43}}],"line":32},"4":{"loc":{"start":{"line":39,"column":4},"end":{"line":45,"column":null}},"type":"binary-expr","locations":[{"start":{"line":39,"column":4},"end":{"line":39,"column":null}},{"start":{"line":40,"column":4},"end":{"line":40,"column":null}},{"start":{"line":41,"column":4},"end":{"line":41,"column":null}},{"start":{"line":42,"column":4},"end":{"line":42,"column":null}},{"start":{"line":43,"column":4},"end":{"line":43,"column":null}},{"start":{"line":44,"column":4},"end":{"line":44,"column":null}},{"start":{"line":45,"column":5},"end":{"line":45,"column":41}},{"start":{"line":45,"column":41},"end":{"line":45,"column":null}}],"line":39},"5":{"loc":{"start":{"line":50,"column":22},"end":{"line":50,"column":null}},"type":"binary-expr","locations":[{"start":{"line":50,"column":22},"end":{"line":50,"column":50}},{"start":{"line":50,"column":50},"end":{"line":50,"column":null}}],"line":50},"6":{"loc":{"start":{"line":51,"column":26},"end":{"line":51,"column":null}},"type":"binary-expr","locations":[{"start":{"line":51,"column":26},"end":{"line":51,"column":59}},{"start":{"line":51,"column":59},"end":{"line":51,"column":null}}],"line":51},"7":{"loc":{"start":{"line":53,"column":2},"end":{"line":54,"column":null}},"type":"if","locations":[{"start":{"line":53,"column":2},"end":{"line":54,"column":null}},{"start":{},"end":{}}],"line":53},"8":{"loc":{"start":{"line":53,"column":6},"end":{"line":53,"column":40}},"type":"binary-expr","locations":[{"start":{"line":53,"column":6},"end":{"line":53,"column":22}},{"start":{"line":53,"column":22},"end":{"line":53,"column":40}}],"line":53},"9":{"loc":{"start":{"line":66,"column":2},"end":{"line":69,"column":null}},"type":"if","locations":[{"start":{"line":66,"column":2},"end":{"line":69,"column":null}},{"start":{},"end":{}}],"line":66},"10":{"loc":{"start":{"line":74,"column":20},"end":{"line":74,"column":null}},"type":"binary-expr","locations":[{"start":{"line":74,"column":20},"end":{"line":74,"column":44}},{"start":{"line":74,"column":44},"end":{"line":74,"column":null}}],"line":74},"11":{"loc":{"start":{"line":76,"column":4},"end":{"line":78,"column":null}},"type":"if","locations":[{"start":{"line":76,"column":4},"end":{"line":78,"column":null}},{"start":{},"end":{}}],"line":76},"12":{"loc":{"start":{"line":83,"column":4},"end":{"line":85,"column":null}},"type":"if","locations":[{"start":{"line":83,"column":4},"end":{"line":85,"column":null}},{"start":{},"end":{}}],"line":83},"13":{"loc":{"start":{"line":95,"column":4},"end":{"line":97,"column":null}},"type":"if","locations":[{"start":{"line":95,"column":4},"end":{"line":97,"column":null}},{"start":{},"end":{}}],"line":95},"14":{"loc":{"start":{"line":95,"column":8},"end":{"line":95,"column":24}},"type":"binary-expr","locations":[{"start":{"line":95,"column":8},"end":{"line":95,"column":17}},{"start":{"line":95,"column":17},"end":{"line":95,"column":24}}],"line":95}},"s":{"0":4,"1":4,"2":3,"3":4,"4":4,"5":4,"6":4,"7":4,"8":5,"9":0,"10":5,"11":5,"12":3,"13":3,"14":3,"15":0,"16":3,"17":5,"18":0,"19":0,"20":0,"21":5,"22":5,"23":5,"24":5,"25":1,"26":1,"27":4,"28":4,"29":1,"30":1,"31":3,"32":3,"33":0,"34":0,"35":3,"36":3,"37":2,"38":1,"39":1},"f":{"0":4,"1":3,"2":4,"3":5,"4":3,"5":5},"b":{"0":[3,1],"1":[0,4],"2":[0,5],"3":[5,5],"4":[5,5,4,4,4,4,4,4],"5":[3,0],"6":[3,0],"7":[0,3],"8":[3,3],"9":[0,5],"10":[5,0],"11":[1,4],"12":[1,3],"13":[0,3],"14":[3,3]},"meta":{"lastBranch":15,"lastFunction":6,"lastStatement":40,"seen":{"f:18:9:18:19":0,"s:19:21:19:39":0,"s:20:22:20:94":1,"f:20:47:20:53":1,"s:20:61:20:94":2,"s:21:16:21:Infinity":3,"b:21:30:21:57:21:57:21:Infinity":0,"s:22:2:22:Infinity":4,"b:22:32:22:43:22:43:22:Infinity":1,"f:25:9:25:24":2,"s:26:24:26:55":5,"s:27:16:27:56":6,"s:28:2:28:Infinity":7,"f:31:9:31:24":3,"b:32:2:33:Infinity:undefined:undefined:undefined:undefined":2,"s:32:2:33:Infinity":8,"b:32:6:32:16:32:16:32:43":3,"s:33:4:33:Infinity":9,"s:36:20:36:Infinity":10,"s:38:2:45:Infinity":11,"b:39:4:39:Infinity:40:4:40:Infinity:41:4:41:Infinity:42:4:42:Infinity:43:4:43:Infinity:44:4:44:Infinity:45:5:45:41:45:41:45:Infinity":4,"f:49:9:49:33":4,"s:50:22:50:Infinity":12,"b:50:22:50:50:50:50:50:Infinity":5,"s:51:26:51:Infinity":13,"b:51:26:51:59:51:59:51:Infinity":6,"b:53:2:54:Infinity:undefined:undefined:undefined:undefined":7,"s:53:2:54:Infinity":14,"b:53:6:53:22:53:22:53:40":8,"s:54:4:54:Infinity":15,"s:57:2:62:Infinity":16,"f:65:30:65:38":5,"b:66:2:69:Infinity:undefined:undefined:undefined:undefined":9,"s:66:2:69:Infinity":17,"s:67:4:67:Infinity":18,"s:68:4:68:Infinity":19,"s:69:4:69:Infinity":20,"s:72:2:110:Infinity":21,"s:73:24:73:Infinity":22,"s:74:20:74:Infinity":23,"b:74:20:74:44:74:44:74:Infinity":10,"b:76:4:78:Infinity:undefined:undefined:undefined:undefined":11,"s:76:4:78:Infinity":24,"s:77:6:77:Infinity":25,"s:78:6:78:Infinity":26,"s:81:24:81:43":27,"b:83:4:85:Infinity:undefined:undefined:undefined:undefined":12,"s:83:4:85:Infinity":28,"s:84:6:84:Infinity":29,"s:85:6:85:Infinity":30,"s:93:8:93:63":31,"b:95:4:97:Infinity:undefined:undefined:undefined:undefined":13,"s:95:4:97:Infinity":32,"b:95:8:95:17:95:17:95:24":14,"s:96:6:96:Infinity":33,"s:97:6:97:Infinity":34,"s:100:4:100:Infinity":35,"s:102:19:102:55":36,"s:104:4:107:Infinity":37,"s:109:4:109:Infinity":38,"s:110:4:110:Infinity":39}}}
,"/Users/anup-admin/giftsearch/giftmatch/api/sign-up.ts": {"path":"/Users/anup-admin/giftsearch/giftmatch/api/sign-up.ts","statementMap":{"0":{"start":{"line":20,"column":2},"end":{"line":20,"column":null}},"1":{"start":{"line":24,"column":22},"end":{"line":24,"column":75}},"2":{"start":{"line":26,"column":2},"end":{"line":27,"column":null}},"3":{"start":{"line":27,"column":4},"end":{"line":27,"column":null}},"4":{"start":{"line":30,"column":2},"end":{"line":30,"column":null}},"5":{"start":{"line":34,"column":25},"end":{"line":34,"column":60}},"6":{"start":{"line":36,"column":2},"end":{"line":37,"column":null}},"7":{"start":{"line":37,"column":4},"end":{"line":37,"column":null}},"8":{"start":{"line":40,"column":2},"end":{"line":45,"column":null}},"9":{"start":{"line":49,"column":2},"end":{"line":52,"column":null}},"10":{"start":{"line":50,"column":4},"end":{"line":50,"column":null}},"11":{"start":{"line":51,"column":4},"end":{"line":51,"column":null}},"12":{"start":{"line":52,"column":4},"end":{"line":52,"column":null}},"13":{"start":{"line":55,"column":2},"end":{"line":86,"column":null}},"14":{"start":{"line":56,"column":36},"end":{"line":56,"column":50}},"15":{"start":{"line":58,"column":4},"end":{"line":60,"column":null}},"16":{"start":{"line":59,"column":6},"end":{"line":59,"column":null}},"17":{"start":{"line":60,"column":6},"end":{"line":60,"column":null}},"18":{"start":{"line":63,"column":4},"end":{"line":65,"column":null}},"19":{"start":{"line":64,"column":6},"end":{"line":64,"column":null}},"20":{"start":{"line":65,"column":6},"end":{"line":65,"column":null}},"21":{"start":{"line":71,"column":8},"end":{"line":76,"column":6}},"22":{"start":{"line":78,"column":4},"end":{"line":80,"column":null}},"23":{"start":{"line":79,"column":6},"end":{"line":79,"column":null}},"24":{"start":{"line":80,"column":6},"end":{"line":80,"column":null}},"25":{"start":{"line":83,"column":4},"end":{"line":83,"column":null}},"26":{"start":{"line":85,"column":4},"end":{"line":85,"column":null}},"27":{"start":{"line":86,"column":4},"end":{"line":86,"column":null}}},"fnMap":{"0":{"name":"getEnv","decl":{"start":{"line":19,"column":9},"end":{"line":19,"column":16}},"loc":{"start":{"line":19,"column":50},"end":{"line":20,"column":null}},"line":19},"1":{"name":"getSupabaseUrl","decl":{"start":{"line":23,"column":9},"end":{"line":23,"column":26}},"loc":{"start":{"line":23,"column":26},"end":{"line":30,"column":null}},"line":23},"2":{"name":"getSupabaseAdminClient","decl":{"start":{"line":33,"column":9},"end":{"line":33,"column":34}},"loc":{"start":{"line":33,"column":34},"end":{"line":45,"column":null}},"line":33},"3":{"name":"handler","decl":{"start":{"line":48,"column":30},"end":{"line":48,"column":38}},"loc":{"start":{"line":48,"column":79},"end":{"line":86,"column":null}},"line":48}},"branchMap":{"0":{"loc":{"start":{"line":20,"column":9},"end":{"line":20,"column":null}},"type":"binary-expr","locations":[{"start":{"line":20,"column":9},"end":{"line":20,"column":30}},{"start":{"line":20,"column":30},"end":{"line":20,"column":null}}],"line":20},"1":{"loc":{"start":{"line":24,"column":22},"end":{"line":24,"column":75}},"type":"binary-expr","locations":[{"start":{"line":24,"column":22},"end":{"line":24,"column":44}},{"start":{"line":24,"column":48},"end":{"line":24,"column":75}}],"line":24},"2":{"loc":{"start":{"line":26,"column":2},"end":{"line":27,"column":null}},"type":"if","locations":[{"start":{"line":26,"column":2},"end":{"line":27,"column":null}},{"start":{},"end":{}}],"line":26},"3":{"loc":{"start":{"line":36,"column":2},"end":{"line":37,"column":null}},"type":"if","locations":[{"start":{"line":36,"column":2},"end":{"line":37,"column":null}},{"start":{},"end":{}}],"line":36},"4":{"loc":{"start":{"line":49,"column":2},"end":{"line":52,"column":null}},"type":"if","locations":[{"start":{"line":49,"column":2},"end":{"line":52,"column":null}},{"start":{},"end":{}}],"line":49},"5":{"loc":{"start":{"line":56,"column":36},"end":{"line":56,"column":50}},"type":"binary-expr","locations":[{"start":{"line":56,"column":36},"end":{"line":56,"column":48}},{"start":{"line":56,"column":48},"end":{"line":56,"column":50}}],"line":56},"6":{"loc":{"start":{"line":58,"column":4},"end":{"line":60,"column":null}},"type":"if","locations":[{"start":{"line":58,"column":4},"end":{"line":60,"column":null}},{"start":{},"end":{}}],"line":58},"7":{"loc":{"start":{"line":58,"column":8},"end":{"line":58,"column":63}},"type":"binary-expr","locations":[{"start":{"line":58,"column":8},"end":{"line":58,"column":40}},{"start":{"line":58,"column":40},"end":{"line":58,"column":63}}],"line":58},"8":{"loc":{"start":{"line":63,"column":4},"end":{"line":65,"column":null}},"type":"if","locations":[{"start":{"line":63,"column":4},"end":{"line":65,"column":null}},{"start":{},"end":{}}],"line":63},"9":{"loc":{"start":{"line":63,"column":8},"end":{"line":63,"column":61}},"type":"binary-expr","locations":[{"start":{"line":63,"column":8},"end":{"line":63,"column":40}},{"start":{"line":63,"column":40},"end":{"line":63,"column":61}}],"line":63},"10":{"loc":{"start":{"line":78,"column":4},"end":{"line":80,"column":null}},"type":"if","locations":[{"start":{"line":78,"column":4},"end":{"line":80,"column":null}},{"start":{},"end":{}}],"line":78},"11":{"loc":{"start":{"line":78,"column":8},"end":{"line":78,"column":24}},"type":"binary-expr","locations":[{"start":{"line":78,"column":8},"end":{"line":78,"column":17}},{"start":{"line":78,"column":17},"end":{"line":78,"column":24}}],"line":78},"12":{"loc":{"start":{"line":79,"column":36},"end":{"line":79,"column":79}},"type":"binary-expr","locations":[{"start":{"line":79,"column":36},"end":{"line":79,"column":54}},{"start":{"line":79,"column":54},"end":{"line":79,"column":79}}],"line":79}},"s":{"0":2,"1":1,"2":1,"3":0,"4":1,"5":1,"6":1,"7":0,"8":1,"9":2,"10":0,"11":0,"12":0,"13":2,"14":2,"15":2,"16":0,"17":0,"18":2,"19":1,"20":1,"21":1,"22":1,"23":0,"24":0,"25":1,"26":0,"27":0},"f":{"0":2,"1":1,"2":1,"3":2},"b":{"0":[2,0],"1":[1,0],"2":[0,1],"3":[0,1],"4":[0,2],"5":[2,0],"6":[0,2],"7":[2,2],"8":[1,1],"9":[2,2],"10":[0,1],"11":[1,1],"12":[0,0]},"meta":{"lastBranch":13,"lastFunction":4,"lastStatement":28,"seen":{"f:19:9:19:16":0,"s:20:2:20:Infinity":0,"b:20:9:20:30:20:30:20:Infinity":0,"f:23:9:23:26":1,"s:24:22:24:75":1,"b:24:22:24:44:24:48:24:75":1,"b:26:2:27:Infinity:undefined:undefined:undefined:undefined":2,"s:26:2:27:Infinity":2,"s:27:4:27:Infinity":3,"s:30:2:30:Infinity":4,"f:33:9:33:34":2,"s:34:25:34:60":5,"b:36:2:37:Infinity:undefined:undefined:undefined:undefined":3,"s:36:2:37:Infinity":6,"s:37:4:37:Infinity":7,"s:40:2:45:Infinity":8,"f:48:30:48:38":3,"b:49:2:52:Infinity:undefined:undefined:undefined:undefined":4,"s:49:2:52:Infinity":9,"s:50:4:50:Infinity":10,"s:51:4:51:Infinity":11,"s:52:4:52:Infinity":12,"s:55:2:86:Infinity":13,"s:56:36:56:50":14,"b:56:36:56:48:56:48:56:50":5,"b:58:4:60:Infinity:undefined:undefined:undefined:undefined":6,"s:58:4:60:Infinity":15,"b:58:8:58:40:58:40:58:63":7,"s:59:6:59:Infinity":16,"s:60:6:60:Infinity":17,"b:63:4:65:Infinity:undefined:undefined:undefined:undefined":8,"s:63:4:65:Infinity":18,"b:63:8:63:40:63:40:63:61":9,"s:64:6:64:Infinity":19,"s:65:6:65:Infinity":20,"s:71:8:76:6":21,"b:78:4:80:Infinity:undefined:undefined:undefined:undefined":10,"s:78:4:80:Infinity":22,"b:78:8:78:17:78:17:78:24":11,"s:79:6:79:Infinity":23,"b:79:36:79:54:79:54:79:79":12,"s:80:6:80:Infinity":24,"s:83:4:83:Infinity":25,"s:85:4:85:Infinity":26,"s:86:4:86:Infinity":27}}}
,"/Users/anup-admin/giftsearch/giftmatch/src/App.tsx": {"path":"/Users/anup-admin/giftsearch/giftmatch/src/App.tsx","statementMap":{"0":{"start":{"line":8,"column":8},"end":{"line":8,"column":32}},"1":{"start":{"line":9,"column":22},"end":{"line":9,"column":null}},"2":{"start":{"line":11,"column":2},"end":{"line":22,"column":null}},"3":{"start":{"line":28,"column":2},"end":{"line":31,"column":null}}},"fnMap":{"0":{"name":"AppShell","decl":{"start":{"line":7,"column":9},"end":{"line":7,"column":20}},"loc":{"start":{"line":7,"column":20},"end":{"line":22,"column":null}},"line":7},"1":{"name":"App","decl":{"start":{"line":27,"column":24},"end":{"line":27,"column":30}},"loc":{"start":{"line":27,"column":30},"end":{"line":31,"column":null}},"line":27}},"branchMap":{"0":{"loc":{"start":{"line":13,"column":7},"end":{"line":14,"column":7}},"type":"cond-expr","locations":[{"start":{"line":13,"column":21},"end":{"line":13,"column":28}},{"start":{"line":13,"column":28},"end":{"line":14,"column":7}}],"line":13},"1":{"loc":{"start":{"line":14,"column":23},"end":{"line":14,"column":null}},"type":"cond-expr","locations":[{"start":{"line":14,"column":37},"end":{"line":14,"column":42}},{"start":{"line":14,"column":42},"end":{"line":14,"column":null}}],"line":14}},"s":{"0":2,"1":2,"2":2,"3":1},"f":{"0":2,"1":1},"b":{"0":[1,1],"1":[1,1]},"meta":{"lastBranch":2,"lastFunction":2,"lastStatement":4,"seen":{"f:7:9:7:20":0,"s:8:8:8:32":0,"s:9:22:9:Infinity":1,"s:11:2:22:Infinity":2,"b:13:21:13:28:13:28:14:7":0,"b:14:37:14:42:14:42:14:Infinity":1,"f:27:24:27:30":1,"s:28:2:31:Infinity":3}}}
,"/Users/anup-admin/giftsearch/giftmatch/src/components/GiftCard.tsx": {"path":"/Users/anup-admin/giftsearch/giftmatch/src/components/GiftCard.tsx","statementMap":{"0":{"start":{"line":10,"column":25},"end":{"line":14,"column":null}},"1":{"start":{"line":17,"column":2},"end":{"line":21,"column":null}},"2":{"start":{"line":25,"column":19},"end":{"line":25,"column":49}},"3":{"start":{"line":26,"column":16},"end":{"line":26,"column":43}},"4":{"start":{"line":27,"column":16},"end":{"line":27,"column":40}},"5":{"start":{"line":28,"column":22},"end":{"line":28,"column":55}},"6":{"start":{"line":29,"column":16},"end":{"line":29,"column":66}},"7":{"start":{"line":30,"column":19},"end":{"line":30,"column":46}},"8":{"start":{"line":31,"column":20},"end":{"line":31,"column":null}},"9":{"start":{"line":33,"column":2},"end":{"line":35,"column":null}},"10":{"start":{"line":34,"column":4},"end":{"line":34,"column":null}},"11":{"start":{"line":38,"column":4},"end":{"line":38,"column":null}},"12":{"start":{"line":39,"column":4},"end":{"line":39,"column":null}},"13":{"start":{"line":44,"column":8},"end":{"line":44,"column":40}},"14":{"start":{"line":46,"column":4},"end":{"line":49,"column":null}},"15":{"start":{"line":47,"column":6},"end":{"line":47,"column":null}},"16":{"start":{"line":48,"column":6},"end":{"line":48,"column":null}},"17":{"start":{"line":49,"column":6},"end":{"line":49,"column":null}},"18":{"start":{"line":52,"column":33},"end":{"line":57,"column":6}},"19":{"start":{"line":59,"column":4},"end":{"line":59,"column":null}},"20":{"start":{"line":61,"column":4},"end":{"line":63,"column":null}},"21":{"start":{"line":62,"column":6},"end":{"line":62,"column":null}},"22":{"start":{"line":63,"column":6},"end":{"line":63,"column":null}},"23":{"start":{"line":66,"column":4},"end":{"line":66,"column":null}},"24":{"start":{"line":69,"column":2},"end":{"line":140,"column":null}},"25":{"start":{"line":77,"column":25},"end":{"line":77,"column":null}}},"fnMap":{"0":{"name":"formatPrice","decl":{"start":{"line":16,"column":9},"end":{"line":16,"column":21}},"loc":{"start":{"line":16,"column":36},"end":{"line":21,"column":null}},"line":16},"1":{"name":"GiftCard","decl":{"start":{"line":24,"column":16},"end":{"line":24,"column":25}},"loc":{"start":{"line":24,"column":71},"end":{"line":140,"column":null}},"line":24},"2":{"name":"(anonymous_2)","decl":{"start":{"line":33,"column":2},"end":{"line":33,"column":18}},"loc":{"start":{"line":33,"column":18},"end":{"line":35,"column":6}},"line":33},"3":{"name":"saveGift","decl":{"start":{"line":37,"column":17},"end":{"line":37,"column":28}},"loc":{"start":{"line":37,"column":28},"end":{"line":66,"column":null}},"line":37},"4":{"name":"(anonymous_4)","decl":{"start":{"line":77,"column":10},"end":{"line":77,"column":25}},"loc":{"start":{"line":77,"column":25},"end":{"line":77,"column":null}},"line":77}},"branchMap":{"0":{"loc":{"start":{"line":20,"column":27},"end":{"line":20,"column":null}},"type":"cond-expr","locations":[{"start":{"line":20,"column":45},"end":{"line":20,"column":49}},{"start":{"line":20,"column":49},"end":{"line":20,"column":null}}],"line":20},"1":{"loc":{"start":{"line":31,"column":20},"end":{"line":31,"column":null}},"type":"binary-expr","locations":[{"start":{"line":31,"column":20},"end":{"line":31,"column":37}},{"start":{"line":31,"column":41},"end":{"line":31,"column":null}}],"line":31},"2":{"loc":{"start":{"line":46,"column":4},"end":{"line":49,"column":null}},"type":"if","locations":[{"start":{"line":46,"column":4},"end":{"line":49,"column":null}},{"start":{},"end":{}}],"line":46},"3":{"loc":{"start":{"line":46,"column":8},"end":{"line":46,"column":40}},"type":"binary-expr","locations":[{"start":{"line":46,"column":8},"end":{"line":46,"column":24}},{"start":{"line":46,"column":24},"end":{"line":46,"column":40}}],"line":46},"4":{"loc":{"start":{"line":61,"column":4},"end":{"line":63,"column":null}},"type":"if","locations":[{"start":{"line":61,"column":4},"end":{"line":63,"column":null}},{"start":{},"end":{}}],"line":61},"5":{"loc":{"start":{"line":71,"column":7},"end":{"line":86,"column":7}},"type":"cond-expr","locations":[{"start":{"line":72,"column":8},"end":{"line":80,"column":9}},{"start":{"line":80,"column":8},"end":{"line":86,"column":7}}],"line":71},"6":{"loc":{"start":{"line":90,"column":13},"end":{"line":95,"column":null}},"type":"cond-expr","locations":[{"start":{"line":91,"column":14},"end":{"line":95,"column":null}},{"start":{"line":95,"column":16},"end":{"line":95,"column":null}}],"line":90},"7":{"loc":{"start":{"line":121,"column":22},"end":{"line":121,"column":null}},"type":"binary-expr","locations":[{"start":{"line":121,"column":22},"end":{"line":121,"column":34}},{"start":{"line":121,"column":34},"end":{"line":121,"column":null}}],"line":121},"8":{"loc":{"start":{"line":124,"column":14},"end":{"line":126,"column":null}},"type":"cond-expr","locations":[{"start":{"line":125,"column":18},"end":{"line":125,"column":null}},{"start":{"line":126,"column":18},"end":{"line":126,"column":null}}],"line":124},"9":{"loc":{"start":{"line":129,"column":13},"end":{"line":129,"column":null}},"type":"cond-expr","locations":[{"start":{"line":129,"column":24},"end":{"line":129,"column":38}},{"start":{"line":129,"column":38},"end":{"line":129,"column":null}}],"line":129},"10":{"loc":{"start":{"line":129,"column":38},"end":{"line":129,"column":null}},"type":"cond-expr","locations":[{"start":{"line":129,"column":46},"end":{"line":129,"column":58}},{"start":{"line":129,"column":58},"end":{"line":129,"column":null}}],"line":129},"11":{"loc":{"start":{"line":140,"column":9},"end":{"line":140,"column":null}},"type":"cond-expr","locations":[{"start":{"line":140,"column":17},"end":{"line":140,"column":null}},{"start":{"line":140,"column":72},"end":{"line":140,"column":null}}],"line":140}},"s":{"0":3,"1":7,"2":7,"3":7,"4":7,"5":7,"6":7,"7":7,"8":7,"9":7,"10":6,"11":0,"12":0,"13":0,"14":0,"15":0,"16":0,"17":0,"18":0,"19":0,"20":0,"21":0,"22":0,"23":0,"24":7,"25":1},"f":{"0":7,"1":7,"2":6,"3":0,"4":1},"b":{"0":[7,0],"1":[7,2],"2":[0,0],"3":[0,0],"4":[0,0],"5":[1,6],"6":[7,0],"7":[7,7],"8":[0,7],"9":[0,7],"10":[0,7],"11":[0,7]},"meta":{"lastBranch":12,"lastFunction":5,"lastStatement":26,"seen":{"s:10:25:14:Infinity":0,"f:16:9:16:21":0,"s:17:2:21:Infinity":1,"b:20:45:20:49:20:49:20:Infinity":0,"f:24:16:24:25":1,"s:25:19:25:49":2,"s:26:16:26:43":3,"s:27:16:27:40":4,"s:28:22:28:55":5,"s:29:16:29:66":6,"s:30:19:30:46":7,"s:31:20:31:Infinity":8,"b:31:20:31:37:31:41:31:Infinity":1,"s:33:2:35:Infinity":9,"f:33:2:33:18":2,"s:34:4:34:Infinity":10,"f:37:17:37:28":3,"s:38:4:38:Infinity":11,"s:39:4:39:Infinity":12,"s:44:8:44:40":13,"b:46:4:49:Infinity:undefined:undefined:undefined:undefined":2,"s:46:4:49:Infinity":14,"b:46:8:46:24:46:24:46:40":3,"s:47:6:47:Infinity":15,"s:48:6:48:Infinity":16,"s:49:6:49:Infinity":17,"s:52:33:57:6":18,"s:59:4:59:Infinity":19,"b:61:4:63:Infinity:undefined:undefined:undefined:undefined":4,"s:61:4:63:Infinity":20,"s:62:6:62:Infinity":21,"s:63:6:63:Infinity":22,"s:66:4:66:Infinity":23,"s:69:2:140:Infinity":24,"b:72:8:80:9:80:8:86:7":5,"f:77:10:77:25":4,"s:77:25:77:Infinity":25,"b:91:14:95:Infinity:95:16:95:Infinity":6,"b:121:22:121:34:121:34:121:Infinity":7,"b:125:18:125:Infinity:126:18:126:Infinity":8,"b:129:24:129:38:129:38:129:Infinity":9,"b:129:46:129:58:129:58:129:Infinity":10,"b:140:17:140:Infinity:140:72:140:Infinity":11}}}
,"/Users/anup-admin/giftsearch/giftmatch/src/components/NavBar.tsx": {"path":"/Users/anup-admin/giftsearch/giftmatch/src/components/NavBar.tsx","statementMap":{"0":{"start":{"line":6,"column":18},"end":{"line":6,"column":47}},"1":{"start":{"line":8,"column":2},"end":{"line":26,"column":null}},"2":{"start":{"line":9,"column":20},"end":{"line":9,"column":null}},"3":{"start":{"line":11,"column":4},"end":{"line":21,"column":null}},"4":{"start":{"line":13,"column":8},"end":{"line":14,"column":null}},"5":{"start":{"line":14,"column":10},"end":{"line":14,"column":null}},"6":{"start":{"line":18,"column":8},"end":{"line":19,"column":null}},"7":{"start":{"line":19,"column":10},"end":{"line":19,"column":null}},"8":{"start":{"line":23,"column":4},"end":{"line":24,"column":null}},"9":{"start":{"line":24,"column":6},"end":{"line":24,"column":null}},"10":{"start":{"line":28,"column":2},"end":{"line":42,"column":null}}},"fnMap":{"0":{"name":"NavBar","decl":{"start":{"line":5,"column":16},"end":{"line":5,"column":25}},"loc":{"start":{"line":5,"column":25},"end":{"line":42,"column":null}},"line":5},"1":{"name":"(anonymous_1)","decl":{"start":{"line":8,"column":2},"end":{"line":8,"column":18}},"loc":{"start":{"line":8,"column":18},"end":{"line":26,"column":7}},"line":8},"2":{"name":"(anonymous_2)","decl":{"start":{"line":12,"column":7},"end":{"line":12,"column":13}},"loc":{"start":{"line":12,"column":23},"end":{"line":16,"column":null}},"line":12},"3":{"name":"(anonymous_3)","decl":{"start":{"line":17,"column":7},"end":{"line":17,"column":19}},"loc":{"start":{"line":17,"column":19},"end":{"line":21,"column":null}},"line":17},"4":{"name":"(anonymous_4)","decl":{"start":{"line":23,"column":4},"end":{"line":23,"column":17}},"loc":{"start":{"line":23,"column":17},"end":{"line":24,"column":null}},"line":23}},"branchMap":{"0":{"loc":{"start":{"line":13,"column":8},"end":{"line":14,"column":null}},"type":"if","locations":[{"start":{"line":13,"column":8},"end":{"line":14,"column":null}},{"start":{},"end":{}}],"line":13},"1":{"loc":{"start":{"line":18,"column":8},"end":{"line":19,"column":null}},"type":"if","locations":[{"start":{"line":18,"column":8},"end":{"line":19,"column":null}},{"start":{},"end":{}}],"line":18},"2":{"loc":{"start":{"line":35,"column":11},"end":{"line":39,"column":null}},"type":"cond-expr","locations":[{"start":{"line":36,"column":12},"end":{"line":39,"column":null}},{"start":{"line":39,"column":14},"end":{"line":39,"column":null}}],"line":35}},"s":{"0":1,"1":1,"2":1,"3":1,"4":1,"5":0,"6":0,"7":0,"8":1,"9":1,"10":1},"f":{"0":1,"1":1,"2":1,"3":0,"4":1},"b":{"0":[0,1],"1":[0,0],"2":[0,1]},"meta":{"lastBranch":3,"lastFunction":5,"lastStatement":11,"seen":{"f:5:16:5:25":0,"s:6:18:6:47":0,"s:8:2:26:Infinity":1,"f:8:2:8:18":1,"s:9:20:9:Infinity":2,"s:11:4:21:Infinity":3,"f:12:7:12:13":2,"b:13:8:14:Infinity:undefined:undefined:undefined:undefined":0,"s:13:8:14:Infinity":4,"s:14:10:14:Infinity":5,"f:17:7:17:19":3,"b:18:8:19:Infinity:undefined:undefined:undefined:undefined":1,"s:18:8:19:Infinity":6,"s:19:10:19:Infinity":7,"s:23:4:24:Infinity":8,"f:23:4:23:17":4,"s:24:6:24:Infinity":9,"s:28:2:42:Infinity":10,"b:36:12:39:Infinity:39:14:39:Infinity":2}}}
,"/Users/anup-admin/giftsearch/giftmatch/src/lib/apiClient.ts": {"path":"/Users/anup-admin/giftsearch/giftmatch/src/lib/apiClient.ts","statementMap":{"0":{"start":{"line":10,"column":6},"end":{"line":10,"column":38}},"1":{"start":{"line":12,"column":2},"end":{"line":13,"column":null}},"2":{"start":{"line":13,"column":4},"end":{"line":13,"column":null}},"3":{"start":{"line":16,"column":2},"end":{"line":17,"column":null}},"4":{"start":{"line":17,"column":4},"end":{"line":17,"column":null}},"5":{"start":{"line":20,"column":19},"end":{"line":27,"column":4}},"6":{"start":{"line":29,"column":2},"end":{"line":33,"column":null}},"7":{"start":{"line":30,"column":22},"end":{"line":30,"column":61}},"8":{"start":{"line":30,"column":56},"end":{"line":30,"column":61}},"9":{"start":{"line":32,"column":6},"end":{"line":32,"column":null}},"10":{"start":{"line":33,"column":4},"end":{"line":33,"column":null}},"11":{"start":{"line":36,"column":2},"end":{"line":36,"column":null}}},"fnMap":{"0":{"name":"findGifts","decl":{"start":{"line":6,"column":22},"end":{"line":6,"column":32}},"loc":{"start":{"line":6,"column":75},"end":{"line":36,"column":null}},"line":6},"1":{"name":"(anonymous_1)","decl":{"start":{"line":30,"column":44},"end":{"line":30,"column":56}},"loc":{"start":{"line":30,"column":56},"end":{"line":30,"column":61}},"line":30}},"branchMap":{"0":{"loc":{"start":{"line":12,"column":2},"end":{"line":13,"column":null}},"type":"if","locations":[{"start":{"line":12,"column":2},"end":{"line":13,"column":null}},{"start":{},"end":{}}],"line":12},"1":{"loc":{"start":{"line":16,"column":2},"end":{"line":17,"column":null}},"type":"if","locations":[{"start":{"line":16,"column":2},"end":{"line":17,"column":null}},{"start":{},"end":{}}],"line":16},"2":{"loc":{"start":{"line":29,"column":2},"end":{"line":33,"column":null}},"type":"if","locations":[{"start":{"line":29,"column":2},"end":{"line":33,"column":null}},{"start":{},"end":{}}],"line":29},"3":{"loc":{"start":{"line":32,"column":6},"end":{"line":32,"column":null}},"type":"cond-expr","locations":[{"start":{"line":32,"column":45},"end":{"line":32,"column":63}},{"start":{"line":32,"column":63},"end":{"line":32,"column":null}}],"line":32}},"s":{"0":0,"1":0,"2":0,"3":0,"4":0,"5":0,"6":0,"7":0,"8":0,"9":0,"10":0,"11":0},"f":{"0":0,"1":0},"b":{"0":[0,0],"1":[0,0],"2":[0,0],"3":[0,0]},"meta":{"lastBranch":4,"lastFunction":2,"lastStatement":12,"seen":{"f:6:22:6:32":0,"s:10:6:10:38":0,"b:12:2:13:Infinity:undefined:undefined:undefined:undefined":0,"s:12:2:13:Infinity":1,"s:13:4:13:Infinity":2,"b:16:2:17:Infinity:undefined:undefined:undefined:undefined":1,"s:16:2:17:Infinity":3,"s:17:4:17:Infinity":4,"s:20:19:27:4":5,"b:29:2:33:Infinity:undefined:undefined:undefined:undefined":2,"s:29:2:33:Infinity":6,"s:30:22:30:61":7,"f:30:44:30:56":1,"s:30:56:30:61":8,"s:32:6:32:Infinity":9,"b:32:45:32:63:32:63:32:Infinity":3,"s:33:4:33:Infinity":10,"s:36:2:36:Infinity":11}}}
,"/Users/anup-admin/giftsearch/giftmatch/src/lib/auth.ts": {"path":"/Users/anup-admin/giftsearch/giftmatch/src/lib/auth.ts","statementMap":{"0":{"start":{"line":10,"column":6},"end":{"line":10,"column":38}},"1":{"start":{"line":12,"column":2},"end":{"line":13,"column":null}},"2":{"start":{"line":13,"column":4},"end":{"line":13,"column":null}},"3":{"start":{"line":16,"column":2},"end":{"line":16,"column":null}},"4":{"start":{"line":20,"column":18},"end":{"line":20,"column":35}},"5":{"start":{"line":22,"column":2},"end":{"line":23,"column":null}},"6":{"start":{"line":23,"column":4},"end":{"line":23,"column":null}},"7":{"start":{"line":26,"column":35},"end":{"line":30,"column":13}},"8":{"start":{"line":32,"column":2},"end":{"line":33,"column":null}},"9":{"start":{"line":33,"column":4},"end":{"line":33,"column":null}},"10":{"start":{"line":36,"column":2},"end":{"line":36,"column":null}}},"fnMap":{"0":{"name":"checkAuth","decl":{"start":{"line":6,"column":22},"end":{"line":6,"column":68}},"loc":{"start":{"line":6,"column":68},"end":{"line":16,"column":null}},"line":6},"1":{"name":"checkAdmin","decl":{"start":{"line":19,"column":22},"end":{"line":19,"column":53}},"loc":{"start":{"line":19,"column":53},"end":{"line":36,"column":null}},"line":19}},"branchMap":{"0":{"loc":{"start":{"line":12,"column":2},"end":{"line":13,"column":null}},"type":"if","locations":[{"start":{"line":12,"column":2},"end":{"line":13,"column":null}},{"start":{},"end":{}}],"line":12},"1":{"loc":{"start":{"line":22,"column":2},"end":{"line":23,"column":null}},"type":"if","locations":[{"start":{"line":22,"column":2},"end":{"line":23,"column":null}},{"start":{},"end":{}}],"line":22},"2":{"loc":{"start":{"line":22,"column":6},"end":{"line":22,"column":47}},"type":"binary-expr","locations":[{"start":{"line":22,"column":6},"end":{"line":22,"column":24}},{"start":{"line":22,"column":24},"end":{"line":22,"column":47}}],"line":22},"3":{"loc":{"start":{"line":32,"column":2},"end":{"line":33,"column":null}},"type":"if","locations":[{"start":{"line":32,"column":2},"end":{"line":33,"column":null}},{"start":{},"end":{}}],"line":32}},"s":{"0":6,"1":6,"2":0,"3":6,"4":4,"5":4,"6":2,"7":2,"8":2,"9":0,"10":2},"f":{"0":6,"1":4},"b":{"0":[0,6],"1":[2,2],"2":[4,2],"3":[0,2]},"meta":{"lastBranch":4,"lastFunction":2,"lastStatement":11,"seen":{"f:6:22:6:68":0,"s:10:6:10:38":0,"b:12:2:13:Infinity:undefined:undefined:undefined:undefined":0,"s:12:2:13:Infinity":1,"s:13:4:13:Infinity":2,"s:16:2:16:Infinity":3,"f:19:22:19:53":1,"s:20:18:20:35":4,"b:22:2:23:Infinity:undefined:undefined:undefined:undefined":1,"s:22:2:23:Infinity":5,"b:22:6:22:24:22:24:22:47":2,"s:23:4:23:Infinity":6,"s:26:35:30:13":7,"b:32:2:33:Infinity:undefined:undefined:undefined:undefined":3,"s:32:2:33:Infinity":8,"s:33:4:33:Infinity":9,"s:36:2:36:Infinity":10}}}
,"/Users/anup-admin/giftsearch/giftmatch/src/lib/supabase.ts": {"path":"/Users/anup-admin/giftsearch/giftmatch/src/lib/supabase.ts","statementMap":{"0":{"start":{"line":3,"column":20},"end":{"line":3,"column":null}},"1":{"start":{"line":4,"column":24},"end":{"line":4,"column":null}},"2":{"start":{"line":6,"column":0},"end":{"line":7,"column":null}},"3":{"start":{"line":7,"column":2},"end":{"line":7,"column":null}},"4":{"start":{"line":10,"column":13},"end":{"line":10,"column":66}}},"fnMap":{},"branchMap":{"0":{"loc":{"start":{"line":6,"column":0},"end":{"line":7,"column":null}},"type":"if","locations":[{"start":{"line":6,"column":0},"end":{"line":7,"column":null}},{"start":{},"end":{}}],"line":6},"1":{"loc":{"start":{"line":6,"column":4},"end":{"line":6,"column":38}},"type":"binary-expr","locations":[{"start":{"line":6,"column":4},"end":{"line":6,"column":20}},{"start":{"line":6,"column":20},"end":{"line":6,"column":38}}],"line":6}},"s":{"0":1,"1":1,"2":1,"3":0,"4":1},"f":{},"b":{"0":[0,1],"1":[1,1]},"meta":{"lastBranch":2,"lastFunction":0,"lastStatement":5,"seen":{"s:3:20:3:Infinity":0,"s:4:24:4:Infinity":1,"b:6:0:7:Infinity:undefined:undefined:undefined:undefined":0,"s:6:0:7:Infinity":2,"b:6:4:6:20:6:20:6:38":1,"s:7:2:7:Infinity":3,"s:10:13:10:66":4}}}
,"/Users/anup-admin/giftsearch/giftmatch/src/pages/Admin.tsx": {"path":"/Users/anup-admin/giftsearch/giftmatch/src/pages/Admin.tsx","statementMap":{"0":{"start":{"line":33,"column":2},"end":{"line":34,"column":null}},"1":{"start":{"line":34,"column":4},"end":{"line":34,"column":null}},"2":{"start":{"line":37,"column":2},"end":{"line":37,"column":null}},"3":{"start":{"line":41,"column":2},"end":{"line":41,"column":null}},"4":{"start":{"line":45,"column":2},"end":{"line":46,"column":null}},"5":{"start":{"line":46,"column":4},"end":{"line":46,"column":null}},"6":{"start":{"line":49,"column":2},"end":{"line":49,"column":null}},"7":{"start":{"line":53,"column":2},"end":{"line":56,"column":null}},"8":{"start":{"line":60,"column":8},"end":{"line":60,"column":32}},"9":{"start":{"line":61,"column":19},"end":{"line":61,"column":60}},"10":{"start":{"line":62,"column":24},"end":{"line":62,"column":73}},"11":{"start":{"line":63,"column":20},"end":{"line":63,"column":50}},"12":{"start":{"line":64,"column":16},"end":{"line":64,"column":40}},"13":{"start":{"line":66,"column":2},"end":{"line":120,"column":null}},"14":{"start":{"line":67,"column":20},"end":{"line":67,"column":null}},"15":{"start":{"line":70,"column":6},"end":{"line":110,"column":null}},"16":{"start":{"line":74,"column":12},"end":{"line":74,"column":44}},"17":{"start":{"line":76,"column":8},"end":{"line":77,"column":null}},"18":{"start":{"line":77,"column":10},"end":{"line":77,"column":null}},"19":{"start":{"line":80,"column":8},"end":{"line":82,"column":null}},"20":{"start":{"line":81,"column":10},"end":{"line":81,"column":null}},"21":{"start":{"line":82,"column":10},"end":{"line":82,"column":null}},"22":{"start":{"line":85,"column":25},"end":{"line":89,"column":10}},"23":{"start":{"line":90,"column":22},"end":{"line":90,"column":61}},"24":{"start":{"line":90,"column":57},"end":{"line":90,"column":59}},"25":{"start":{"line":92,"column":8},"end":{"line":94,"column":null}},"26":{"start":{"line":93,"column":10},"end":{"line":93,"column":null}},"27":{"start":{"line":94,"column":10},"end":{"line":94,"column":null}},"28":{"start":{"line":97,"column":8},"end":{"line":98,"column":null}},"29":{"start":{"line":98,"column":10},"end":{"line":98,"column":null}},"30":{"start":{"line":101,"column":8},"end":{"line":102,"column":null}},"31":{"start":{"line":102,"column":10},"end":{"line":102,"column":null}},"32":{"start":{"line":105,"column":8},"end":{"line":106,"column":null}},"33":{"start":{"line":106,"column":10},"end":{"line":106,"column":null}},"34":{"start":{"line":109,"column":8},"end":{"line":110,"column":null}},"35":{"start":{"line":110,"column":10},"end":{"line":110,"column":null}},"36":{"start":{"line":115,"column":4},"end":{"line":115,"column":null}},"37":{"start":{"line":117,"column":4},"end":{"line":118,"column":null}},"38":{"start":{"line":118,"column":6},"end":{"line":118,"column":null}},"39":{"start":{"line":122,"column":2},"end":{"line":203,"column":null}},"40":{"start":{"line":154,"column":32},"end":{"line":154,"column":55}},"41":{"start":{"line":155,"column":39},"end":{"line":155,"column":null}},"42":{"start":{"line":156,"column":35},"end":{"line":156,"column":null}},"43":{"start":{"line":158,"column":16},"end":{"line":195,"column":null}},"44":{"start":{"line":161,"column":37},"end":{"line":161,"column":85}}},"fnMap":{"0":{"name":"asArray","decl":{"start":{"line":32,"column":9},"end":{"line":32,"column":20}},"loc":{"start":{"line":32,"column":48},"end":{"line":37,"column":null}},"line":32},"1":{"name":"asOne","decl":{"start":{"line":40,"column":9},"end":{"line":40,"column":18}},"loc":{"start":{"line":40,"column":51},"end":{"line":41,"column":null}},"line":40},"2":{"name":"truncate","decl":{"start":{"line":44,"column":9},"end":{"line":44,"column":18}},"loc":{"start":{"line":44,"column":71},"end":{"line":49,"column":null}},"line":44},"3":{"name":"formatDate","decl":{"start":{"line":52,"column":9},"end":{"line":52,"column":20}},"loc":{"start":{"line":52,"column":35},"end":{"line":56,"column":null}},"line":52},"4":{"name":"AdminPage","decl":{"start":{"line":59,"column":16},"end":{"line":59,"column":28}},"loc":{"start":{"line":59,"column":28},"end":{"line":203,"column":null}},"line":59},"5":{"name":"(anonymous_5)","decl":{"start":{"line":66,"column":2},"end":{"line":66,"column":18}},"loc":{"start":{"line":66,"column":18},"end":{"line":120,"column":6}},"line":66},"6":{"name":"loadAdminData","decl":{"start":{"line":69,"column":19},"end":{"line":69,"column":35}},"loc":{"start":{"line":69,"column":35},"end":{"line":110,"column":null}},"line":69},"7":{"name":"(anonymous_7)","decl":{"start":{"line":90,"column":44},"end":{"line":90,"column":57}},"loc":{"start":{"line":90,"column":57},"end":{"line":90,"column":59}},"line":90},"8":{"name":"(anonymous_8)","decl":{"start":{"line":117,"column":4},"end":{"line":117,"column":17}},"loc":{"start":{"line":117,"column":17},"end":{"line":118,"column":null}},"line":117},"9":{"name":"(anonymous_9)","decl":{"start":{"line":153,"column":24},"end":{"line":153,"column":29}},"loc":{"start":{"line":153,"column":48},"end":{"line":197,"column":null}},"line":153},"10":{"name":"(anonymous_10)","decl":{"start":{"line":161,"column":22},"end":{"line":161,"column":37}},"loc":{"start":{"line":161,"column":37},"end":{"line":161,"column":85}},"line":161}},"branchMap":{"0":{"loc":{"start":{"line":33,"column":2},"end":{"line":34,"column":null}},"type":"if","locations":[{"start":{"line":33,"column":2},"end":{"line":34,"column":null}},{"start":{},"end":{}}],"line":33},"1":{"loc":{"start":{"line":37,"column":9},"end":{"line":37,"column":47}},"type":"cond-expr","locations":[{"start":{"line":37,"column":32},"end":{"line":37,"column":40}},{"start":{"line":37,"column":40},"end":{"line":37,"column":47}}],"line":37},"2":{"loc":{"start":{"line":41,"column":9},"end":{"line":41,"column":null}},"type":"cond-expr","locations":[{"start":{"line":41,"column":33},"end":{"line":41,"column":53}},{"start":{"line":41,"column":53},"end":{"line":41,"column":null}}],"line":41},"3":{"loc":{"start":{"line":41,"column":33},"end":{"line":41,"column":53}},"type":"binary-expr","locations":[{"start":{"line":41,"column":33},"end":{"line":41,"column":45}},{"start":{"line":41,"column":45},"end":{"line":41,"column":53}}],"line":41},"4":{"loc":{"start":{"line":45,"column":2},"end":{"line":46,"column":null}},"type":"if","locations":[{"start":{"line":45,"column":2},"end":{"line":46,"column":null}},{"start":{},"end":{}}],"line":45},"5":{"loc":{"start":{"line":49,"column":9},"end":{"line":49,"column":null}},"type":"cond-expr","locations":[{"start":{"line":49,"column":36},"end":{"line":49,"column":79}},{"start":{"line":49,"column":79},"end":{"line":49,"column":null}}],"line":49},"6":{"loc":{"start":{"line":76,"column":8},"end":{"line":77,"column":null}},"type":"if","locations":[{"start":{"line":76,"column":8},"end":{"line":77,"column":null}},{"start":{},"end":{}}],"line":76},"7":{"loc":{"start":{"line":80,"column":8},"end":{"line":82,"column":null}},"type":"if","locations":[{"start":{"line":80,"column":8},"end":{"line":82,"column":null}},{"start":{},"end":{}}],"line":80},"8":{"loc":{"start":{"line":92,"column":8},"end":{"line":94,"column":null}},"type":"if","locations":[{"start":{"line":92,"column":8},"end":{"line":94,"column":null}},{"start":{},"end":{}}],"line":92},"9":{"loc":{"start":{"line":97,"column":8},"end":{"line":98,"column":null}},"type":"if","locations":[{"start":{"line":97,"column":8},"end":{"line":98,"column":null}},{"start":{},"end":{}}],"line":97},"10":{"loc":{"start":{"line":98,"column":26},"end":{"line":98,"column":69}},"type":"binary-expr","locations":[{"start":{"line":98,"column":26},"end":{"line":98,"column":40}},{"start":{"line":98,"column":40},"end":{"line":98,"column":69}}],"line":98},"11":{"loc":{"start":{"line":101,"column":8},"end":{"line":102,"column":null}},"type":"if","locations":[{"start":{"line":101,"column":8},"end":{"line":102,"column":null}},{"start":{},"end":{}}],"line":101},"12":{"loc":{"start":{"line":102,"column":22},"end":{"line":102,"column":41}},"type":"binary-expr","locations":[{"start":{"line":102,"column":22},"end":{"line":102,"column":39}},{"start":{"line":102,"column":39},"end":{"line":102,"column":41}}],"line":102},"13":{"loc":{"start":{"line":105,"column":8},"end":{"line":106,"column":null}},"type":"if","locations":[{"start":{"line":105,"column":8},"end":{"line":106,"column":null}},{"start":{},"end":{}}],"line":105},"14":{"loc":{"start":{"line":106,"column":19},"end":{"line":106,"column":97}},"type":"cond-expr","locations":[{"start":{"line":106,"column":48},"end":{"line":106,"column":68}},{"start":{"line":106,"column":68},"end":{"line":106,"column":97}}],"line":106},"15":{"loc":{"start":{"line":109,"column":8},"end":{"line":110,"column":null}},"type":"if","locations":[{"start":{"line":109,"column":8},"end":{"line":110,"column":null}},{"start":{},"end":{}}],"line":109},"16":{"loc":{"start":{"line":129,"column":7},"end":{"line":203,"column":null}},"type":"cond-expr","locations":[{"start":{"line":130,"column":8},"end":{"line":133,"column":null}},{"start":{"line":133,"column":10},"end":{"line":203,"column":null}}],"line":129},"17":{"loc":{"start":{"line":133,"column":10},"end":{"line":203,"column":null}},"type":"cond-expr","locations":[{"start":{"line":134,"column":8},"end":{"line":138,"column":9}},{"start":{"line":138,"column":8},"end":{"line":203,"column":null}}],"line":133},"18":{"loc":{"start":{"line":155,"column":39},"end":{"line":155,"column":null}},"type":"binary-expr","locations":[{"start":{"line":155,"column":39},"end":{"line":155,"column":82}},{"start":{"line":155,"column":82},"end":{"line":155,"column":null}}],"line":155},"19":{"loc":{"start":{"line":161,"column":54},"end":{"line":161,"column":85}},"type":"cond-expr","locations":[{"start":{"line":161,"column":67},"end":{"line":161,"column":74}},{"start":{"line":161,"column":74},"end":{"line":161,"column":85}}],"line":161},"20":{"loc":{"start":{"line":164,"column":24},"end":{"line":164,"column":null}},"type":"cond-expr","locations":[{"start":{"line":164,"column":42},"end":{"line":164,"column":55}},{"start":{"line":164,"column":55},"end":{"line":164,"column":null}}],"line":164},"21":{"loc":{"start":{"line":168,"column":63},"end":{"line":168,"column":90}},"type":"binary-expr","locations":[{"start":{"line":168,"column":63},"end":{"line":168,"column":81}},{"start":{"line":168,"column":81},"end":{"line":168,"column":90}}],"line":168},"22":{"loc":{"start":{"line":170,"column":25},"end":{"line":170,"column":null}},"type":"binary-expr","locations":[{"start":{"line":170,"column":25},"end":{"line":170,"column":46}},{"start":{"line":170,"column":46},"end":{"line":170,"column":null}}],"line":170},"23":{"loc":{"start":{"line":173,"column":25},"end":{"line":173,"column":null}},"type":"binary-expr","locations":[{"start":{"line":173,"column":25},"end":{"line":173,"column":48}},{"start":{"line":173,"column":48},"end":{"line":173,"column":null}}],"line":173},"24":{"loc":{"start":{"line":176,"column":25},"end":{"line":176,"column":null}},"type":"cond-expr","locations":[{"start":{"line":176,"column":51},"end":{"line":176,"column":64}},{"start":{"line":176,"column":64},"end":{"line":176,"column":null}}],"line":176},"25":{"loc":{"start":{"line":181,"column":63},"end":{"line":181,"column":97}},"type":"binary-expr","locations":[{"start":{"line":181,"column":63},"end":{"line":181,"column":88}},{"start":{"line":181,"column":88},"end":{"line":181,"column":97}}],"line":181},"26":{"loc":{"start":{"line":186,"column":21},"end":{"line":194,"column":null}},"type":"cond-expr","locations":[{"start":{"line":187,"column":22},"end":{"line":194,"column":null}},{"start":{"line":194,"column":24},"end":{"line":194,"column":null}}],"line":186},"27":{"loc":{"start":{"line":190,"column":44},"end":{"line":190,"column":83}},"type":"binary-expr","locations":[{"start":{"line":190,"column":44},"end":{"line":190,"column":77}},{"start":{"line":190,"column":77},"end":{"line":190,"column":83}}],"line":190},"28":{"loc":{"start":{"line":201,"column":11},"end":{"line":203,"column":null}},"type":"cond-expr","locations":[{"start":{"line":202,"column":12},"end":{"line":203,"column":null}},{"start":{"line":203,"column":14},"end":{"line":203,"column":null}}],"line":201}},"s":{"0":0,"1":0,"2":0,"3":0,"4":0,"5":0,"6":0,"7":0,"8":0,"9":0,"10":0,"11":0,"12":0,"13":0,"14":0,"15":0,"16":0,"17":0,"18":0,"19":0,"20":0,"21":0,"22":0,"23":0,"24":0,"25":0,"26":0,"27":0,"28":0,"29":0,"30":0,"31":0,"32":0,"33":0,"34":0,"35":0,"36":0,"37":0,"38":0,"39":0,"40":0,"41":0,"42":0,"43":0,"44":0},"f":{"0":0,"1":0,"2":0,"3":0,"4":0,"5":0,"6":0,"7":0,"8":0,"9":0,"10":0},"b":{"0":[0,0],"1":[0,0],"2":[0,0],"3":[0,0],"4":[0,0],"5":[0,0],"6":[0,0],"7":[0,0],"8":[0,0],"9":[0,0],"10":[0,0],"11":[0,0],"12":[0,0],"13":[0,0],"14":[0,0],"15":[0,0],"16":[0,0],"17":[0,0],"18":[0,0],"19":[0,0],"20":[0,0],"21":[0,0],"22":[0,0],"23":[0,0],"24":[0,0],"25":[0,0],"26":[0,0],"27":[0,0],"28":[0,0]},"meta":{"lastBranch":29,"lastFunction":11,"lastStatement":45,"seen":{"f:32:9:32:20":0,"b:33:2:34:Infinity:undefined:undefined:undefined:undefined":0,"s:33:2:34:Infinity":0,"s:34:4:34:Infinity":1,"s:37:2:37:Infinity":2,"b:37:32:37:40:37:40:37:47":1,"f:40:9:40:18":1,"s:41:2:41:Infinity":3,"b:41:33:41:53:41:53:41:Infinity":2,"b:41:33:41:45:41:45:41:53":3,"f:44:9:44:18":2,"b:45:2:46:Infinity:undefined:undefined:undefined:undefined":4,"s:45:2:46:Infinity":4,"s:46:4:46:Infinity":5,"s:49:2:49:Infinity":6,"b:49:36:49:79:49:79:49:Infinity":5,"f:52:9:52:20":3,"s:53:2:56:Infinity":7,"f:59:16:59:28":4,"s:60:8:60:32":8,"s:61:19:61:60":9,"s:62:24:62:73":10,"s:63:20:63:50":11,"s:64:16:64:40":12,"s:66:2:120:Infinity":13,"f:66:2:66:18":5,"s:67:20:67:Infinity":14,"f:69:19:69:35":6,"s:70:6:110:Infinity":15,"s:74:12:74:44":16,"b:76:8:77:Infinity:undefined:undefined:undefined:undefined":6,"s:76:8:77:Infinity":17,"s:77:10:77:Infinity":18,"b:80:8:82:Infinity:undefined:undefined:undefined:undefined":7,"s:80:8:82:Infinity":19,"s:81:10:81:Infinity":20,"s:82:10:82:Infinity":21,"s:85:25:89:10":22,"s:90:22:90:61":23,"f:90:44:90:57":7,"s:90:57:90:59":24,"b:92:8:94:Infinity:undefined:undefined:undefined:undefined":8,"s:92:8:94:Infinity":25,"s:93:10:93:Infinity":26,"s:94:10:94:Infinity":27,"b:97:8:98:Infinity:undefined:undefined:undefined:undefined":9,"s:97:8:98:Infinity":28,"s:98:10:98:Infinity":29,"b:98:26:98:40:98:40:98:69":10,"b:101:8:102:Infinity:undefined:undefined:undefined:undefined":11,"s:101:8:102:Infinity":30,"s:102:10:102:Infinity":31,"b:102:22:102:39:102:39:102:41":12,"b:105:8:106:Infinity:undefined:undefined:undefined:undefined":13,"s:105:8:106:Infinity":32,"s:106:10:106:Infinity":33,"b:106:48:106:68:106:68:106:97":14,"b:109:8:110:Infinity:undefined:undefined:undefined:undefined":15,"s:109:8:110:Infinity":34,"s:110:10:110:Infinity":35,"s:115:4:115:Infinity":36,"s:117:4:118:Infinity":37,"f:117:4:117:17":8,"s:118:6:118:Infinity":38,"s:122:2:203:Infinity":39,"b:130:8:133:Infinity:133:10:203:Infinity":16,"b:134:8:138:9:138:8:203:Infinity":17,"f:153:24:153:29":9,"s:154:32:154:55":40,"s:155:39:155:Infinity":41,"b:155:39:155:82:155:82:155:Infinity":18,"s:156:35:156:Infinity":42,"s:158:16:195:Infinity":43,"f:161:22:161:37":10,"s:161:37:161:85":44,"b:161:67:161:74:161:74:161:85":19,"b:164:42:164:55:164:55:164:Infinity":20,"b:168:63:168:81:168:81:168:90":21,"b:170:25:170:46:170:46:170:Infinity":22,"b:173:25:173:48:173:48:173:Infinity":23,"b:176:51:176:64:176:64:176:Infinity":24,"b:181:63:181:88:181:88:181:97":25,"b:187:22:194:Infinity:194:24:194:Infinity":26,"b:190:44:190:77:190:77:190:83":27,"b:202:12:203:Infinity:203:14:203:Infinity":28}}}
,"/Users/anup-admin/giftsearch/giftmatch/src/pages/Login.tsx": {"path":"/Users/anup-admin/giftsearch/giftmatch/src/pages/Login.tsx","statementMap":{"0":{"start":{"line":6,"column":19},"end":{"line":10,"column":4}},"1":{"start":{"line":12,"column":2},"end":{"line":16,"column":null}},"2":{"start":{"line":13,"column":22},"end":{"line":13,"column":61}},"3":{"start":{"line":13,"column":56},"end":{"line":13,"column":61}},"4":{"start":{"line":15,"column":6},"end":{"line":15,"column":null}},"5":{"start":{"line":16,"column":4},"end":{"line":16,"column":null}},"6":{"start":{"line":21,"column":8},"end":{"line":21,"column":32}},"7":{"start":{"line":22,"column":19},"end":{"line":22,"column":49}},"8":{"start":{"line":23,"column":16},"end":{"line":23,"column":40}},"9":{"start":{"line":24,"column":19},"end":{"line":24,"column":46}},"10":{"start":{"line":25,"column":16},"end":{"line":25,"column":40}},"11":{"start":{"line":26,"column":17},"end":{"line":26,"column":42}},"12":{"start":{"line":27,"column":23},"end":{"line":27,"column":57}},"13":{"start":{"line":30,"column":4},"end":{"line":30,"column":null}},"14":{"start":{"line":31,"column":4},"end":{"line":31,"column":null}},"15":{"start":{"line":32,"column":4},"end":{"line":32,"column":null}},"16":{"start":{"line":33,"column":4},"end":{"line":33,"column":null}},"17":{"start":{"line":35,"column":4},"end":{"line":54,"column":null}},"18":{"start":{"line":36,"column":6},"end":{"line":38,"column":null}},"19":{"start":{"line":37,"column":8},"end":{"line":37,"column":null}},"20":{"start":{"line":38,"column":8},"end":{"line":38,"column":null}},"21":{"start":{"line":41,"column":27},"end":{"line":41,"column":86}},"22":{"start":{"line":43,"column":6},"end":{"line":45,"column":null}},"23":{"start":{"line":44,"column":8},"end":{"line":44,"column":null}},"24":{"start":{"line":45,"column":8},"end":{"line":45,"column":null}},"25":{"start":{"line":48,"column":6},"end":{"line":50,"column":null}},"26":{"start":{"line":49,"column":8},"end":{"line":49,"column":null}},"27":{"start":{"line":52,"column":6},"end":{"line":52,"column":null}},"28":{"start":{"line":54,"column":6},"end":{"line":54,"column":null}},"29":{"start":{"line":58,"column":2},"end":{"line":149,"column":null}},"30":{"start":{"line":80,"column":27},"end":{"line":80,"column":45}},"31":{"start":{"line":90,"column":27},"end":{"line":90,"column":44}},"32":{"start":{"line":109,"column":35},"end":{"line":109,"column":63}},"33":{"start":{"line":123,"column":35},"end":{"line":123,"column":66}}},"fnMap":{"0":{"name":"createConfirmedUser","decl":{"start":{"line":5,"column":15},"end":{"line":5,"column":35}},"loc":{"start":{"line":5,"column":71},"end":{"line":16,"column":null}},"line":5},"1":{"name":"(anonymous_1)","decl":{"start":{"line":13,"column":44},"end":{"line":13,"column":56}},"loc":{"start":{"line":13,"column":56},"end":{"line":13,"column":61}},"line":13},"2":{"name":"LoginPage","decl":{"start":{"line":20,"column":16},"end":{"line":20,"column":28}},"loc":{"start":{"line":20,"column":28},"end":{"line":149,"column":null}},"line":20},"3":{"name":"handleSubmit","decl":{"start":{"line":29,"column":17},"end":{"line":29,"column":30}},"loc":{"start":{"line":29,"column":65},"end":{"line":54,"column":null}},"line":29},"4":{"name":"(anonymous_4)","decl":{"start":{"line":48,"column":13},"end":{"line":48,"column":30}},"loc":{"start":{"line":48,"column":30},"end":{"line":50,"column":20}},"line":48},"5":{"name":"(anonymous_5)","decl":{"start":{"line":80,"column":12},"end":{"line":80,"column":27}},"loc":{"start":{"line":80,"column":27},"end":{"line":80,"column":45}},"line":80},"6":{"name":"(anonymous_6)","decl":{"start":{"line":90,"column":12},"end":{"line":90,"column":27}},"loc":{"start":{"line":90,"column":27},"end":{"line":90,"column":44}},"line":90},"7":{"name":"(anonymous_7)","decl":{"start":{"line":109,"column":14},"end":{"line":109,"column":25}},"loc":{"start":{"line":109,"column":35},"end":{"line":109,"column":63}},"line":109},"8":{"name":"(anonymous_8)","decl":{"start":{"line":123,"column":14},"end":{"line":123,"column":25}},"loc":{"start":{"line":123,"column":35},"end":{"line":123,"column":66}},"line":123}},"branchMap":{"0":{"loc":{"start":{"line":12,"column":2},"end":{"line":16,"column":null}},"type":"if","locations":[{"start":{"line":12,"column":2},"end":{"line":16,"column":null}},{"start":{},"end":{}}],"line":12},"1":{"loc":{"start":{"line":15,"column":6},"end":{"line":15,"column":null}},"type":"cond-expr","locations":[{"start":{"line":15,"column":45},"end":{"line":15,"column":63}},{"start":{"line":15,"column":63},"end":{"line":15,"column":null}}],"line":15},"2":{"loc":{"start":{"line":36,"column":6},"end":{"line":38,"column":null}},"type":"if","locations":[{"start":{"line":36,"column":6},"end":{"line":38,"column":null}},{"start":{},"end":{}}],"line":36},"3":{"loc":{"start":{"line":43,"column":6},"end":{"line":45,"column":null}},"type":"if","locations":[{"start":{"line":43,"column":6},"end":{"line":45,"column":null}},{"start":{},"end":{}}],"line":43},"4":{"loc":{"start":{"line":50,"column":9},"end":{"line":50,"column":28}},"type":"cond-expr","locations":[{"start":{"line":50,"column":20},"end":{"line":50,"column":26}},{"start":{"line":50,"column":26},"end":{"line":50,"column":28}}],"line":50},"5":{"loc":{"start":{"line":52,"column":15},"end":{"line":52,"column":88}},"type":"cond-expr","locations":[{"start":{"line":52,"column":46},"end":{"line":52,"column":68}},{"start":{"line":52,"column":68},"end":{"line":52,"column":88}}],"line":52},"6":{"loc":{"start":{"line":69,"column":11},"end":{"line":69,"column":null}},"type":"cond-expr","locations":[{"start":{"line":69,"column":22},"end":{"line":69,"column":46}},{"start":{"line":69,"column":46},"end":{"line":69,"column":null}}],"line":69},"7":{"loc":{"start":{"line":72,"column":11},"end":{"line":74,"column":null}},"type":"cond-expr","locations":[{"start":{"line":73,"column":14},"end":{"line":73,"column":null}},{"start":{"line":74,"column":14},"end":{"line":74,"column":null}}],"line":72},"8":{"loc":{"start":{"line":83,"column":14},"end":{"line":83,"column":null}},"type":"cond-expr","locations":[{"start":{"line":83,"column":26},"end":{"line":83,"column":65}},{"start":{"line":83,"column":65},"end":{"line":83,"column":null}}],"line":83},"9":{"loc":{"start":{"line":93,"column":14},"end":{"line":93,"column":null}},"type":"cond-expr","locations":[{"start":{"line":93,"column":25},"end":{"line":93,"column":64}},{"start":{"line":93,"column":64},"end":{"line":93,"column":null}}],"line":93},"10":{"loc":{"start":{"line":126,"column":28},"end":{"line":126,"column":null}},"type":"cond-expr","locations":[{"start":{"line":126,"column":39},"end":{"line":126,"column":56}},{"start":{"line":126,"column":56},"end":{"line":126,"column":null}}],"line":126},"11":{"loc":{"start":{"line":131,"column":11},"end":{"line":135,"column":null}},"type":"cond-expr","locations":[{"start":{"line":132,"column":12},"end":{"line":135,"column":null}},{"start":{"line":135,"column":14},"end":{"line":135,"column":null}}],"line":131},"12":{"loc":{"start":{"line":137,"column":11},"end":{"line":141,"column":null}},"type":"cond-expr","locations":[{"start":{"line":138,"column":12},"end":{"line":141,"column":null}},{"start":{"line":141,"column":14},"end":{"line":141,"column":null}}],"line":137},"13":{"loc":{"start":{"line":148,"column":13},"end":{"line":148,"column":null}},"type":"cond-expr","locations":[{"start":{"line":148,"column":28},"end":{"line":148,"column":47}},{"start":{"line":148,"column":47},"end":{"line":148,"column":null}}],"line":148},"14":{"loc":{"start":{"line":148,"column":47},"end":{"line":148,"column":null}},"type":"cond-expr","locations":[{"start":{"line":148,"column":58},"end":{"line":148,"column":70}},{"start":{"line":148,"column":70},"end":{"line":148,"column":null}}],"line":148}},"s":{"0":0,"1":0,"2":0,"3":0,"4":0,"5":0,"6":1,"7":1,"8":1,"9":1,"10":1,"11":1,"12":1,"13":0,"14":0,"15":0,"16":0,"17":0,"18":0,"19":0,"20":0,"21":0,"22":0,"23":0,"24":0,"25":0,"26":0,"27":0,"28":0,"29":1,"30":0,"31":0,"32":0,"33":0},"f":{"0":0,"1":0,"2":1,"3":0,"4":0,"5":0,"6":0,"7":0,"8":0},"b":{"0":[0,0],"1":[0,0],"2":[0,0],"3":[0,0],"4":[0,0],"5":[0,0],"6":[0,1],"7":[0,1],"8":[1,0],"9":[0,1],"10":[0,1],"11":[0,1],"12":[0,1],"13":[0,1],"14":[0,1]},"meta":{"lastBranch":15,"lastFunction":9,"lastStatement":34,"seen":{"f:5:15:5:35":0,"s:6:19:10:4":0,"b:12:2:16:Infinity:u
[...]
{"start":{"line":522,"column":55},"end":{"line":522,"column":90}}],"line":522},"56":{"loc":{"start":{"line":530,"column":25},"end":{"line":530,"column":null}},"type":"cond-expr","locations":[{"start":{"line":530,"column":37},"end":{"line":530,"column":46}},{"start":{"line":530,"column":46},"end":{"line":530,"column":null}}],"line":530},"57":{"loc":{"start":{"line":530,"column":46},"end":{"line":530,"column":null}},"type":"cond-expr","locations":[{"start":{"line":530,"column":58},"end":{"line":530,"column":69}},{"start":{"line":530,"column":69},"end":{"line":530,"column":null}}],"line":530},"58":{"loc":{"start":{"line":550,"column":4},"end":{"line":551,"column":null}},"type":"if","locations":[{"start":{"line":550,"column":4},"end":{"line":551,"column":null}},{"start":{},"end":{}}],"line":550},"59":{"loc":{"start":{"line":554,"column":4},"end":{"line":555,"column":null}},"type":"if","locations":[{"start":{"line":554,"column":4},"end":{"line":555,"column":null}},{"start":{},"end":{}}],"line":554},"60":{"loc":{"start":{"line":558,"column":4},"end":{"line":559,"column":null}},"type":"if","locations":[{"start":{"line":558,"column":4},"end":{"line":559,"column":null}},{"start":{},"end":{}}],"line":558},"61":{"loc":{"start":{"line":576,"column":17},"end":{"line":576,"column":65}},"type":"binary-expr","locations":[{"start":{"line":576,"column":17},"end":{"line":576,"column":34}},{"start":{"line":576,"column":34},"end":{"line":576,"column":65}}],"line":576},"62":{"loc":{"start":{"line":578,"column":2},"end":{"line":579,"column":null}},"type":"if","locations":[{"start":{"line":578,"column":2},"end":{"line":579,"column":null}},{"start":{},"end":{}}],"line":578},"63":{"loc":{"start":{"line":594,"column":2},"end":{"line":595,"column":null}},"type":"if","locations":[{"start":{"line":594,"column":2},"end":{"line":595,"column":null}},{"start":{},"end":{}}],"line":594},"64":{"loc":{"start":{"line":610,"column":2},"end":{"line":611,"column":null}},"type":"if","locations":[{"start":{"line":610,"column":2},"end":{"line":611,"column":null}},{"start":{},"end":{}}],"line":610},"65":{"loc":{"start":{"line":646,"column":18},"end":{"line":648,"column":null}},"type":"cond-expr","locations":[{"start":{"line":647,"column":6},"end":{"line":647,"column":null}},{"start":{"line":648,"column":6},"end":{"line":648,"column":null}}],"line":646},"66":{"loc":{"start":{"line":704,"column":2},"end":{"line":704,"column":32}},"type":"default-arg","locations":[{"start":{"line":704,"column":30},"end":{"line":704,"column":32}}],"line":704},"67":{"loc":{"start":{"line":726,"column":6},"end":{"line":749,"column":null}},"type":"if","locations":[{"start":{"line":726,"column":6},"end":{"line":749,"column":null}},{"start":{"line":732,"column":13},"end":{"line":749,"column":null}}],"line":726},"68":{"loc":{"start":{"line":753,"column":6},"end":{"line":768,"column":null}},"type":"if","locations":[{"start":{"line":753,"column":6},"end":{"line":768,"column":null}},{"start":{},"end":{}}],"line":753},"69":{"loc":{"start":{"line":771,"column":6},"end":{"line":786,"column":null}},"type":"if","locations":[{"start":{"line":771,"column":6},"end":{"line":786,"column":null}},{"start":{},"end":{}}],"line":771},"70":{"loc":{"start":{"line":801,"column":6},"end":{"line":802,"column":null}},"type":"if","locations":[{"start":{"line":801,"column":6},"end":{"line":802,"column":null}},{"start":{},"end":{}}],"line":801},"71":{"loc":{"start":{"line":816,"column":4},"end":{"line":819,"column":null}},"type":"if","locations":[{"start":{"line":816,"column":4},"end":{"line":819,"column":null}},{"start":{},"end":{}}],"line":816},"72":{"loc":{"start":{"line":822,"column":4},"end":{"line":848,"column":null}},"type":"if","locations":[{"start":{"line":822,"column":4},"end":{"line":848,"column":null}},{"start":{"line":836,"column":15},"end":{"line":848,"column":null}}],"line":822},"73":{"loc":{"start":{"line":836,"column":15},"end":{"line":848,"column":null}},"type":"if","locations":[{"start":{"line":836,"column":15},"end":{"line":848,"column":null}},{"start":{},"end":{}}],"line":836},"74":{"loc":{"start":{"line":836,"column":17},"end":{"line":836,"column":74}},"type":"binary-expr","locations":[{"start":{"line":836,"column":17},"end":{"line":836,"column":47}},{"start":{"line":836,"column":51},"end":{"line":836,"column":74}}],"line":836},"75":{"loc":{"start":{"line":878,"column":6},"end":{"line":879,"column":null}},"type":"if","locations":[{"start":{"line":878,"column":6},"end":{"line":879,"column":null}},{"start":{},"end":{}}],"line":878}},"s":{"0":1,"1":1,"2":1,"3":1,"4":1,"5":1,"6":1,"7":1,"8":1,"9":1,"10":1,"11":1,"12":1,"13":9,"14":0,"15":9,"16":0,"17":9,"18":9,"19":0,"20":0,"21":0,"22":0,"23":0,"24":0,"25":0,"26":0,"27":0,"28":0,"29":0,"30":0,"31":0,"32":0,"33":3,"34":0,"35":3,"36":0,"37":3,"38":3,"39":3,"40":3,"41":0,"42":3,"43":95,"44":32,"45":32,"46":32,"47":0,"48":32,"49":16,"50":1,"51":0,"52":1,"53":1,"54":2,"55":1,"56":1,"57":0,"58":1,"59":1,"60":1,"61":1,"62":1,"63":9,"64":9,"65":0,"66":0,"67":9,"68":0,"69":0,"70":9,"71":0,"72":0,"73":9,"74":0,"75":9,"76":1,"77":8,"78":0,"79":0,"80":0,"81":1,"82":14,"83":14,"84":1,"85":1,"86":1,"87":0,"88":0,"89":0,"90":16,"91":16,"92":27,"93":16,"94":1,"95":15,"96":1,"97":1,"98":14,"99":1,"100":13,"101":13,"102":13,"103":13,"104":13,"105":0,"106":0,"107":0,"108":16,"109":16,"110":14,"111":16,"112":14,"113":16,"114":16,"115":0,"116":16,"117":15,"118":30,"119":15,"120":15,"121":15,"122":14,"123":14,"124":0,"125":14,"126":14,"127":14,"128":14,"129":0,"130":18,"131":18,"132":126,"133":18,"134":18,"135":34,"136":34,"137":476,"138":34,"139":16,"140":16,"141":30,"142":15,"143":30,"144":2,"145":2,"146":4,"147":2,"148":2,"149":4,"150":4,"151":4,"152":16,"153":30,"154":16,"155":16,"156":16,"157":29,"158":1,"159":28,"160":0,"161":28,"162":0,"163":28,"164":28,"165":16,"166":16,"167":16,"168":0,"169":16,"170":16,"171":0,"172":16,"173":16,"174":0,"175":16,"176":15,"177":1,"178":1,"179":1,"180":1,"181":1,"182":0,"183":16,"184":91,"185":16,"186":16,"187":16,"188":16,"189":16,"190":16,"191":16,"192":16,"193":16,"194":16,"195":16,"196":16,"197":16,"198":16,"199":16,"200":1,"201":15,"202":15,"203":15,"204":15,"205":15,"206":15,"207":15,"208":14,"209":14,"210":14,"211":14,"212":2,"213":1,"214":1,"215":1,"216":1,"217":1,"218":1,"219":1,"220":0,"221":0,"222":0,"223":0,"224":0,"225":0,"226":1,"227":1,"228":1,"229":15,"230":15,"231":15,"232":1,"233":0,"234":1,"235":1,"236":1,"237":1,"238":15,"239":1,"240":1,"241":1,"242":1,"243":0,"244":0,"245":0,"246":0,"247":0,"248":0,"249":0,"250":0,"251":0,"252":0,"253":0,"254":0,"255":0,"256":15,"257":15,"258":15,"259":15,"260":15,"261":28,"262":15,"263":14,"264":28,"265":28,"266":0,"267":28,"268":15,"269":15,"270":15},"f":{"0":1,"1":9,"2":0,"3":0,"4":3,"5":3,"6":0,"7":95,"8":32,"9":16,"10":1,"11":2,"12":1,"13":14,"14":16,"15":27,"16":16,"17":15,"18":30,"19":15,"20":15,"21":14,"22":18,"23":126,"24":34,"25":476,"26":16,"27":30,"28":15,"29":30,"30":2,"31":4,"32":2,"33":4,"34":16,"35":30,"36":16,"37":15,"38":1,"39":1,"40":16,"41":91,"42":16,"43":28,"44":14,"45":28},"b":{"0":[9],"1":[0,9],"2":[9,9,9,9],"3":[0,9],"4":[9,0],"5":[0,0],"6":[0,0],"7":[0,0],"8":[0,0],"9":[0,0],"10":[0,0],"11":[3],"12":[0,3],"13":[3,3],"14":[0,3],"15":[3,0],"16":[2,1],"17":[3,0],"18":[0,3],"19":[1,2],"20":[0,3],"21":[2,1],"22":[95,15],"23":[32,0],"24":[0,32],"25":[32,32],"26":[16,15],"27":[0,1],"28":[1,1],"29":[1,0,0,0,0],"30":[0,1],"31":[0,9],"32":[0,9],"33":[0,9],"34":[0,9],"35":[1,8],"36":[0,8],"37":[0,0],"38":[1,0],"39":[1,15],"40":[1,14],"41":[15,14,14],"42":[1,0],"43":[1,13],"44":[13,0],"45":[0,0],"46":[14,2],"47":[14,2],"48":[0,16],"49":[16,0],"50":[0,14],"51":[0,0],"52":[18,0],"53":[68,408],"54":[15,0],"55":[2,0],"56":[4,0],"57":[0,0],"58":[1,28],"59":[0,28],"60":[0,28],"61":[16,0],"62":[0,16],"63":[0,16],"64":[0,16],"65":[1,0],"66":[16],"67":[1,15],"68":[1,1],"69":[0,1],"70":[0,1],"71":[1,0],"72":[0,0],"73":[0,0],"74":[0,0],"75":[0,28]},"meta":{"lastBranch":76,"lastFunction":46,"lastStatement":271,"seen":{"s:5:23:5:Infinity":0,"s:6:29:6:Infinity":1,"s:7:34:7:Infinity":2,"s:8:28:8:Infinity":3,"s:9:28:9:Infinity":4,"s:10:28:10:Infinity":5,"s:12:22:17:2":6,"s:19:26:28:2":7,"s:30:34:39:11":8,"s:41:26:46:11":9,"s:48:30:75:Infinity":10,"f:117:2:117:14":0,"s:118:4:118:Infinity":11,"s:119:4:119:Infinity":12,"f:123:9:123:26":1,"b:123:49:123:70":0,"b:124:2:130:Infinity:undefined:undefined:undefined:undefined":1,"s:124:2:130:Infinity":13,"b:125:4:125:Infinity:126:4:126:Infinity:127:4:127:Infinity:128:4:128:Infinity":2,"s:130:4:130:Infinity":14,"b:133:2:134:Infinity:undefined:undefined:undefined:undefined":3,"s:133:2:134:Infinity":15,"s:134:4:134:Infinity":16,"b:137:2:138:Infinity:undefined:undefined:undefined:undefined":4,"s:137:2:138:Infinity":17,"s:138:4:138:Infinity":18,"b:141:2:142:Infinity:undefined:undefined:undefined:undefined":5,"s:141:2:142:Infinity":19,"b:141:6:141:37:141:37:141:64":6,"s:142:4:142:Infinity":20,"b:145:2:146:Infinity:undefined:undefined:undefined:undefined":7,"s:145:2:146:Infinity":21,"s:146:4:146:Infinity":22,"b:149:2:150:Infinity:undefined:undefined:undefined:undefined":8,"s:149:2:150:Infinity":23,"s:150:4:150:Infinity":24,"b:153:2:154:Infinity:undefined:undefined:undefined:undefined":9,"s:153:2:154:Infinity":25,"s:154:4:154:Infinity":26,"s:157:2:157:Infinity":27,"b:159:2:160:Infinity:undefined:undefined:undefined:undefined":10,"s:159:2:160:Infinity":28,"s:160:4:160:Infinity":29,"f:160:17:160:22":2,"s:160:31:160:59":30,"s:163:2:165:Infinity":31,"f:164:26:164:31":3,"s:164:53:164:94":32,"f:168:9:168:24":4,"b:168:47:168:68":11,"b:169:2:170:Infinity:undefined:undefined:undefined:undefined":12,"s:169:2:170:Infinity":33,"b:169:6:169:16:169:16:169:43":13,"s:170:4:170:Infinity":34,"b:173:2:174:Infinity:undefined:undefined:undefined:undefined":14,"s:173:2:174:Infinity":35,"s:174:4:174:Infinity":36,"s:177:2:177:Infinity":37,"s:179:20:179:Infinity":38,"s:191:24:198:64":39,"f:192:5:192:Infinity":5,"s:194:8:196:Infinity":40,"b:194:8:195:Infinity:196:13:196:Infinity":15,"f:198:5:198:10":6,"s:198:27:198:63":41,"s:200:2:211:Infinity":42,"b:201:47:201:64:201:64:201:Infinity":16,"b:202:53:202:73:202:73:202:Infinity":17,"b:203:47:203:64:203:64:203:Infinity":18,"b:204:51:204:70:204:70:204:Infinity":19,"b:205:47:205:64:205:64:205:Infinity":20,"b:206:49:206:67:206:67:206:Infinity":21,"f:214:9:214:16":7,"s:215:2:215:Infinity":43,"b:215:9:215:30:215:30:215:Infinity":22,"f:218:9:218:28":8,"s:219:22:219:75":44,"b:219:22:219:44:219:48:219:75":23,"s:220:25:220:60":45,"b:222:2:223:Infinity:undefined:undefined:undefined:undefined":24,"s:222:2:223:Infinity":46,"b:222:6:222:22:222:22:222:39":25,"s:223:4:223:Infinity":47,"s:226:2:231:Infinity":48,"f:234:9:234:26":9,"s:235:2:235:Infinity":49,"b:235:9:235:31:235:35:235:Infinity":26,"f:238:9:238:26":10,"b:239:2:240:Infinity:undefined:undefined:undefined:undefined":27,"s:239:2:240:Infinity":50,"b:239:6:239:16:239:16:239:43":28,"s:240:4:240:Infinity":51,"s:243:20:243:Infinity":52,"s:253:2:258:Infinity":53,"b:254:4:254:Infinity:255:4:255:Infinity:256:4:256:Infinity:257:4:257:Infinity:258:4:258:Infinity":29,"f:262:9:262:33":11,"s:263:2:263:Infinity":54,"f:266:9:266:27":12,"s:267:16:267:33":55,"b:269:2:270:Infinity:undefined:undefined:undefined:undefined":30,"s:269:2:270:Infinity":56,"s:270:4:270:Infinity":57,"s:273:14:273:Infinity":58,"s:274:17:274:Infinity":59,"s:275:16:275:Infinity":60,"s:277:2:305:Infinity":61,"s:277:19:277:26":62,"s:278:17:278:Infinity":63,"b:280:4:282:Infinity:undefined:undefined:undefined:undefined":31,"s:280:4:282:Infinity":64,"s:281:6:281:Infinity":65,"s:282:6:282:Infinity":66,"b:285:4:287:Infinity:undefined:undefined:undefined:undefined":32,"s:285:4:287:Infinity":67,"s:286:6:286:Infinity":68,"s:287:6:287:Infinity":69,"b:290:4:292:Infinity:undefined:undefined:undefined:undefined":33,"s:290:4:292:Infinity":70,"s:291:6:291:Infinity":71,"s:292:6:292:Infinity":72,"b:295:4:296:Infinity:undefined:undefined:undefined:undefined":34,"s:295:4:296:Infinity":73,"s:296:6:296:Infinity":74,"b:299:4:305:Infinity:301:15:305:Infinity":35,"s:299:4:305:Infinity":75,"s:300:6:300:Infinity":76,"b:301:15:305:Infinity:undefined:undefined:undefined:undefined":36,"s:301:15:305:Infinity":77,"s:302:6:302:Infinity":78,"b:304:6:305:Infinity:undefined:undefined:undefined:undefined":37,"s:304:6:305:Infinity":79,"s:305:8:305:Infinity":80,"s:310:2:310:Infinity":81,"f:313:9:313:33":13,"s:314:2:326:Infinity":82,"s:315:4:315:Infinity":83,"s:317:23:317:52":84,"b:319:4:320:Infinity:undefined:undefined:undefined:undefined":38,"s:319:4:320:Infinity":85,"s:320:6:320:Infinity":86,"s:323:4:326:Infinity":87,"s:324:6:324:Infinity":88,"s:326:6:326:Infinity":89,"f:331:9:331:26":14,"s:332:21:332:48":90,"s:333:18:333:96":91,"f:333:66:333:69":15,"s:333:79:333:95":92,"b:335:2:336:Infinity:undefined:undefined:undefined:undefined":39,"s:335:2:336:Infinity":93,"s:336:4:336:Infinity":94,"b:339:2:341:Infinity:undefined:undefined:undefined:undefined":40,"s:339:2:341:Infinity":95,"b:339:6:339:34:339:38:339:66:339:70:339:94":41,"s:340:16:340:Infinity":96,"b:340:16:340:30:340:30:340:Infinity":42,"s:341:4:341:Infinity":97,"b:344:2:345:Infinity:undefined:undefined:undefined:undefined":43,"s:344:2:345:Infinity":98,"s:345:4:345:Infinity":99,"b:348:2:352:Infinity:undefined:undefined:undefined:undefined":44,"s:348:2:352:Infinity":100,"s:349:28:349:Infinity":101,"s:350:16:350:39":102,"s:351:16:351:39":103,"s:352:4:352:Infinity":104,"b:355:2:356:Infinity:undefined:undefined:undefined:undefined":45,"s:355:2:356:Infinity":105,"s:356:4:356:Infinity":106,"s:359:2:359:Infinity":107,"f:362:15:362:42":16,"s:363:14:367:31":108,"b:369:2:370:Infinity:undefined:undefined:undefined:undefined":46,"s:369:2:370:Infinity":109,"s:370:4:370:Infinity":110,"b:373:2:374:Infinity:undefined:undefined:undefined:undefined":47,"s:373:2:374:Infinity":111,"s:374:4:374:Infinity":112,"s:377:26:377:Infinity":113,"b:379:2:380:Infinity:undefined:undefined:undefined:undefined":48,"s:379:2:380:Infinity":114,"s:380:4:380:Infinity":115,"s:383:2:383:Infinity":116,"b:383:42:383:50:383:50:383:52":49,"f:386:9:386:28":17,"s:387:2:405:Infinity":117,"f:391:23:391:28":18,"s:391:38:399:9":118,"f:408:9:408:Infinity":19,"s:412:2:416:Infinity":119,"f:419:15:419:35":20,"s:420:17:420:65":120,"s:421:19:432:4":121,"s:434:21:434:Infinity":122,"b:436:2:437:Infinity:undefined:undefined:undefined:undefined":50,"s:436:2:437:Infinity":123,"s:437:4:437:Infinity":124,"s:440:2:440:Infinity":125,"f:443:9:443:37":21,"s:444:24:444:59":126,"s:446:2:453:Infinity":127,"s:447:4:447:Infinity":128,"s:449:4:453:Infinity":129,"b:451:10:451:Infinity:452:10:452:Infinity":51,"f:457:9:457:29":22,"s:458:22:458:55":130,"s:459:25:462:41":131,"f:462:5:462:13":23,"s:462:23:462:41":132,"s:464:56:471:Infinity":133,"s:473:2:478:Infinity":134,"b:476:8:476:44:476:44:476:46":52,"f:481:9:481:26":24,"s:482:25:490:18":135,"s:491:21:493:Infinity":136,"f:491:30:491:Infinity":25,"s:492:24:492:Infinity":137,"b:492:68:492:72:492:72:492:Infinity":53,"s:496:2:496:Infinity":138,"f:499:9:499:33":26,"s:500:19:500:47":139,"s:502:2:509:Infinity":140,"f:503:5:503:10":27,"s:503:27:506:7":141,"f:507:5:507:11":28,"s:507:27:507:90":142,"b:507:27:507:55:507:55:507:90":54,"f:509:5:509:10":29,"s:509:23:509:28":143,"f:512:9:512:Infinity":30,"s:516:19:516:47":144,"s:517:22:523:34":145,"f:518:5:518:10":31,"s:518:27:521:7":146,"f:522:5:522:11":32,"s:522:27:522:90":147,"b:522:27:522:55:522:55:522:90":55,"s:525:2:541:Infinity":148,"f:528:33:528:38":33,"s:529:19:529:Infinity":149,"s:530:25:530:Infinity":150,"b:530:37:530:46:530:46:530:Infinity":56,"b:530:58:530:69:530:69:530:Infinity":57,"s:532:6:539:Infinity":151,"f:544:9:544:29":34,"s:545:14:545:53":152,"f:545:30:545:35":35,"s:545:44:545:52":153,"s:546:18:546:35":154,"s:547:20:547:37":155,"s:549:2:563:Infinity":156,"b:550:4:551:Infinity:undefined:undefined:undefined:undefined":58,"s:550:4:551:Infinity":157,"s:551:6:551:Infinity":158,"b:554:4:555:Infinity:undefined:undefined:undefined:undefined":59,"s:554:4:555:Infinity":159,"s:555:6:555:Infinity":160,"b:558:4:559:Infinity:undefined:undefined:undefined:undefined":60,"s:558:4:559:Infinity":161,"s:559:6:559:Infinity":162,"s:562:4:562:Infinity":163,"s:563:4:563:Infinity":164,"f:567:15:567:32":36,"s:575:19:575:37":165,"s:576:17:576:65":166,"b:576:17:576:34:576:34:576:65":61,"b:578:2:579:Infinity:undefined:undefined:undefined:undefined":62,"s:578:2:579:Infinity":167,"s:579:4:579:Infinity":168,"s:582:49:592:13":169,"b:594:2:595:Infinity:undefined:undefined:undefined:undefined":63,"s:594:2:595:Infinity":170,"s:595:4:595:Infinity":171,"s:598:69:608:13":172,"b:610:2:611:Infinity:undefined:undefined:undefined:undefined":64,"s:610:2:611:Infinity":173,"s:611:4:611:Infinity":174,"s:614:2:617:Infinity":175,"f:620:15:620:27":37,"s:627:2:634:Infinity":176,"f:637:15:637:32":38,"s:645:23:645:51":177,"s:646:18:648:Infinity":178,"b:647:6:647:Infinity:648:6:648:Infinity":65,"s:650:2:665:Infinity":179,"f:668:15:668:42":39,"s:676:2:679:Infinity":180,"s:677:4:677:Infinity":181,"s:679:4:679:Infinity":182,"f:683:9:683:44":40,"s:684:2:691:Infinity":183,"f:694:9:694:Infinity":41,"s:699:2:699:Infinity":184,"f:702:22:702:Infinity":42,"b:704:30:704:32":66,"s:706:20:706:30":185,"s:707:23:707:43":186,"s:708:18:708:49":187,"s:709:22:709:54":188,"s:710:14:710:30":189,"s:711:31:711:33":190,"s:713:27:713:Infinity":191,"s:715:2:854:Infinity":192,"s:716:34:716:44":193,"s:718:4:721:Infinity":194,"s:719:6:719:Infinity":195,"s:721:6:721:Infinity":196,"s:723:4:723:Infinity":197,"s:725:4:794:Infinity":198,"b:726:6:749:Infinity:732:13:749:Infinity":67,"s:726:6:749:Infinity":199,"s:727:8:731:Infinity":200,"s:733:37:733:47":201,"s:734:23:734:65":202,"s:735:8:735:Infinity":203,"s:737:32:737:42":204,"s:739:8:742:Infinity":205,"s:740:10:740:Infinity":206,"s:742:10:742:Infinity":207,"s:745:39:745:49":208,"s:746:8:749:Infinity":209,"s:747:10:747:Infinity":210,"s:749:10:749:Infinity":211,"b:753:6:768:Infinity:undefined:undefined:undefined:undefined":68,"s:753:6:768:Infinity":212,"s:754:35:754:45":213,"s:755:8:765:Infinity":214,"s:756:10:763:Infinity":215,"s:765:10:765:Infinity":216,"s:767:8:767:Infinity":217,"s:768:8:768:Infinity":218,"b:771:6:786:Infinity:undefined:undefined:undefined:undefined":69,"s:771:6:786:Infinity":219,"s:772:35:772:45":220,"s:773:8:783:Infinity":221,"s:774:10:781:Infinity":222,"s:783:10:783:Infinity":223,"s:785:8:785:Infinity":224,"s:786:8:786:Infinity":225,"s:789:6:792:Infinity":226,"s:793:6:793:Infinity":227,"s:794:6:794:Infinity":228,"s:797:35:797:45":229,"s:798:4:813:Infinity":230,"s:799:6:799:Infinity":231,"b:801:6:802:Infinity:undefined:undefined:undefined:undefined":70,"s:801:6:802:Infinity":232,"s:802:8:802:Infinity":233,"s:805:6:808:Infinity":234,"s:809:6:809:Infinity":235,"s:810:6:810:Infinity":236,"s:811:6:811:Infinity":237,"s:813:6:813:Infinity":238,"b:816:4:819:Infinity:undefined:undefined:undefined:undefined":71,"s:816:4:819:Infinity":239,"s:817:6:817:Infinity":240,"s:818:6:818:Infinity":241,"s:819:6:819:Infinity":242,"b:822:4:848:Infinity:836:15:848:Infinity":72,"s:822:4:848:Infinity":243,"s:823:33:823:43":244,"s:824:6:834:Infinity":245,"s:825:8:832:Infinity":246,"s:834:8:834:Infinity":247,"b:836:15:848:Infinity:undefined:undefined:undefined:undefined":73,"s:836:15:848:Infinity":248,"b:836:17:836:47:836:51:836:74":74,"s:837:33:837:43":249,"s:838:6:848:Infinity":250,"s:839:8:846:Infinity":251,"s:848:8:848:Infinity":252,"s:852:4:852:Infinity":253,"s:853:4:853:Infinity":254,"s:854:4:854:Infinity":255,"s:857:29:857:39":256,"s:859:2:868:Infinity":257,"s:860:4:866:Infinity":258,"s:868:4:868:Infinity":259,"s:871:20:871:67":260,"f:871:36:871:41":43,"s:871:50:871:65":261,"s:872:26:883:Infinity":262,"f:874:5:874:11":44,"s:874:27:874:50":263,"f:875:5:875:10":45,"s:876:19:876:64":264,"b:878:6:879:Infinity:undefined:undefined:undefined:undefined":75,"s:878:6:879:Infinity":265,"s:879:8:879:Infinity":266,"s:882:6:882:Infinity":267,"s:885:2:885:Infinity":268,"s:886:2:886:Infinity":269,"s:888:2:895:Infinity":270}}}
}
